<?xml version="1.0" ?>
<!DOCTYPE coverage
  SYSTEM 'http://cobertura.sourceforge.net/xml/coverage-03.dtd'>
<coverage branch-rate="0.128063241107" line-rate="0.253911342894" timestamp="1434465612" version="gcovr 3.2">
<sources>
<source>.</source>
</sources>
<packages>
<package branch-rate="0.170731707317" complexity="0.0" line-rate="0.34394041977" name="">
<classes>
<class branch-rate="0.0" complexity="0.0" filename="AddGalleryCollectionViewController.h" line-rate="0.0" name="AddGalleryCollectionViewController_h">
<methods/>
<lines>
<line branch="false" hits="0" number="67"/>
<line branch="false" hits="0" number="60"/>
<line branch="false" hits="0" number="54"/>
</lines>
</class>
<class branch-rate="0.0" complexity="0.0" filename="MBProgressHUD.h" line-rate="0.6" name="MBProgressHUD_h">
<methods/>
<lines>
<line branch="false" hits="0" number="384"/>
<line branch="false" hits="0" number="513"/>
<line branch="false" hits="2" number="390"/>
<line branch="false" hits="2" number="395"/>
<line branch="false" hits="2" number="400"/>
<line branch="false" hits="0" number="275"/>
<line branch="false" hits="3" number="405"/>
<line branch="false" hits="2" number="410"/>
<line branch="false" hits="2" number="367"/>
<line branch="false" hits="1" number="284"/>
<line branch="false" hits="2" number="416"/>
<line branch="false" hits="1" number="291"/>
<line branch="false" hits="0" number="421"/>
<line branch="false" hits="0" number="297"/>
<line branch="false" hits="1" number="426"/>
<line branch="false" hits="0" number="304"/>
<line branch="false" hits="0" number="434"/>
<line branch="false" hits="2" number="311"/>
<line branch="false" hits="1" number="440"/>
<line branch="false" hits="2" number="317"/>
<line branch="false" hits="2" number="322"/>
<line branch="false" hits="2" number="329"/>
<line branch="false" hits="2" number="334"/>
<line branch="false" hits="0" number="465"/>
<line branch="false" hits="2" number="339"/>
<line branch="false" hits="0" number="471"/>
<line branch="false" hits="1" number="345"/>
<line branch="false" hits="0" number="477"/>
<line branch="false" hits="2" number="351"/>
<line branch="false" hits="0" number="482"/>
<line branch="false" hits="2" number="356"/>
<line branch="false" hits="0" number="495"/>
<line branch="false" hits="0" number="501"/>
<line branch="false" hits="2" number="374"/>
<line branch="false" hits="0" number="507"/>
</lines>
</class>
<class branch-rate="0.173076923077" complexity="0.0" filename="MBProgressHUD.m" line-rate="0.345132743363" name="MBProgressHUD_m">
<methods/>
<lines>
<line branch="false" hits="1" number="68"/>
<line branch="false" hits="0" number="69"/>
<line branch="false" hits="0" number="70"/>
<line branch="false" hits="2" number="71"/>
<line branch="false" hits="0" number="76"/>
<line branch="false" hits="1" number="116"/>
<line branch="false" hits="1" number="117"/>
<line branch="false" hits="1" number="118"/>
<line branch="false" hits="1" number="119"/>
<line branch="false" hits="1" number="120"/>
<line branch="false" hits="1" number="121"/>
<line branch="false" hits="0" number="124"/>
<line branch="true" condition-coverage="0% (0/2)" hits="0" number="125">
<conditions>
<condition coverage="0%" number="0" type="jump"/>
</conditions>
</line>
<line branch="false" hits="0" number="126"/>
<line branch="false" hits="0" number="127"/>
<line branch="false" hits="0" number="128"/>
<line branch="false" hits="0" number="130"/>
<line branch="false" hits="0" number="131"/>
<line branch="false" hits="0" number="134"/>
<line branch="true" condition-coverage="0% (0/4)" hits="0" number="135">
<conditions>
<condition coverage="0%" number="0" type="jump"/>
</conditions>
</line>
<line branch="false" hits="0" number="136"/>
<line branch="false" hits="0" number="137"/>
<line branch="true" condition-coverage="0% (0/4)" hits="0" number="138">
<conditions>
<condition coverage="0%" number="0" type="jump"/>
</conditions>
</line>
<line branch="false" hits="0" number="139"/>
<line branch="false" hits="0" number="140"/>
<line branch="false" hits="0" number="143"/>
<line branch="true" condition-coverage="0% (0/4)" hits="0" number="144">
<conditions>
<condition coverage="0%" number="0" type="jump"/>
</conditions>
</line>
<line branch="true" condition-coverage="0% (0/2)" hits="0" number="145">
<conditions>
<condition coverage="0%" number="0" type="jump"/>
</conditions>
</line>
<line branch="false" hits="0" number="146"/>
<line branch="true" condition-coverage="0% (0/6)" hits="0" number="148">
<conditions>
<condition coverage="0%" number="0" type="jump"/>
</conditions>
</line>
<line branch="false" hits="0" number="149"/>
<line branch="false" hits="0" number="150"/>
<line branch="false" hits="0" number="153"/>
<line branch="false" hits="0" number="154"/>
<line branch="true" condition-coverage="0% (0/4)" hits="0" number="155">
<conditions>
<condition coverage="0%" number="0" type="jump"/>
</conditions>
</line>
<line branch="true" condition-coverage="0% (0/2)" hits="0" number="156">
<conditions>
<condition coverage="0%" number="0" type="jump"/>
</conditions>
</line>
<line branch="false" hits="0" number="157"/>
<line branch="false" hits="0" number="158"/>
<line branch="true" condition-coverage="0% (0/4)" hits="0" number="159">
<conditions>
<condition coverage="0%" number="0" type="jump"/>
</conditions>
</line>
<line branch="false" hits="0" number="160"/>
<line branch="false" hits="0" number="161"/>
<line branch="false" hits="1" number="166"/>
<line branch="true" condition-coverage="50% (1/2)" hits="1" number="167">
<conditions>
<condition coverage="50%" number="0" type="jump"/>
</conditions>
</line>
<line branch="false" hits="1" number="169"/>
<line branch="false" hits="1" number="170"/>
<line branch="false" hits="1" number="171"/>
<line branch="false" hits="1" number="172"/>
<line branch="false" hits="1" number="173"/>
<line branch="false" hits="1" number="174"/>
<line branch="false" hits="1" number="175"/>
<line branch="false" hits="1" number="176"/>
<line branch="false" hits="1" number="177"/>
<line branch="false" hits="1" number="178"/>
<line branch="false" hits="1" number="179"/>
<line branch="false" hits="1" number="180"/>
<line branch="false" hits="1" number="181"/>
<line branch="false" hits="1" number="182"/>
<line branch="false" hits="1" number="183"/>
<line branch="false" hits="1" number="184"/>
<line branch="false" hits="1" number="185"/>
<line branch="false" hits="1" number="186"/>
<line branch="false" hits="1" number="187"/>
<line branch="false" hits="1" number="188"/>
<line branch="false" hits="1" number="189"/>
<line branch="false" hits="1" number="190"/>
<line branch="false" hits="1" number="191"/>
<line branch="false" hits="1" number="195"/>
<line branch="false" hits="1" number="196"/>
<line branch="false" hits="1" number="198"/>
<line branch="false" hits="1" number="200"/>
<line branch="false" hits="1" number="201"/>
<line branch="false" hits="1" number="203"/>
<line branch="false" hits="1" number="204"/>
<line branch="false" hits="1" number="205"/>
<line branch="false" hits="1" number="206"/>
<line branch="false" hits="1" number="207"/>
<line branch="false" hits="1" number="208"/>
<line branch="false" hits="1" number="209"/>
<line branch="true" condition-coverage="50% (1/2)" hits="4" number="212">
<conditions>
<condition coverage="50%" number="0" type="jump"/>
</conditions>
</line>
<line branch="true" condition-coverage="50% (1/2)" hits="3" number="213">
<conditions>
<condition coverage="50%" number="0" type="jump"/>
</conditions>
</line>
<line branch="false" hits="1" number="214"/>
<line branch="false" hits="0" number="217"/>
<line branch="false" hits="0" number="218"/>
<line branch="false" hits="0" number="221"/>
<line branch="false" hits="0" number="222"/>
<line branch="false" hits="0" number="243"/>
<line branch="false" hits="1" number="248"/>
<line branch="true" condition-coverage="50% (1/2)" hits="1" number="250">
<conditions>
<condition coverage="50%" number="0" type="jump"/>
</conditions>
</line>
<line branch="false" hits="0" number="251"/>
<line branch="false" hits="0" number="253"/>
<line branch="false" hits="1" number="256"/>
<line branch="false" hits="1" number="258"/>
<line branch="false" hits="1" number="261"/>
<line branch="true" condition-coverage="25% (1/4)" hits="1" number="264">
<conditions>
<condition coverage="25%" number="0" type="jump"/>
</conditions>
</line>
<line branch="false" hits="0" number="265"/>
<line branch="true" condition-coverage="0% (0/2)" hits="0" number="266">
<conditions>
<condition coverage="0%" number="0" type="jump"/>
</conditions>
</line>
<line branch="false" hits="0" number="267"/>
<line branch="false" hits="0" number="269"/>
<line branch="false" hits="0" number="271"/>
<line branch="false" hits="1" number="273"/>
<line branch="false" hits="2" number="274"/>
<line branch="false" hits="0" number="277"/>
<line branch="false" hits="0" number="278"/>
<line branch="false" hits="0" number="281"/>
<line branch="false" hits="0" number="282"/>
<line branch="true" condition-coverage="0% (0/2)" hits="0" number="288">
<conditions>
<condition coverage="0%" number="0" type="jump"/>
</conditions>
</line>
<line branch="false" hits="0" number="289"/>
<line branch="false" hits="0" number="290"/>
<line branch="false" hits="0" number="291"/>
<line branch="false" hits="0" number="294"/>
<line branch="false" hits="0" number="295"/>
<line branch="false" hits="1" number="300"/>
<line branch="false" hits="1" number="301"/>
<line branch="false" hits="1" number="307"/>
<line branch="false" hits="1" number="308"/>
<line branch="true" condition-coverage="50% (2/4)" hits="2" number="310">
<conditions>
<condition coverage="50%" number="0" type="jump"/>
</conditions>
</line>
<line branch="false" hits="0" number="311"/>
<line branch="true" condition-coverage="50% (2/4)" hits="2" number="312">
<conditions>
<condition coverage="50%" number="0" type="jump"/>
</conditions>
</line>
<line branch="false" hits="0" number="313"/>
<line branch="false" hits="0" number="314"/>
<line branch="false" hits="1" number="315"/>
<line branch="true" condition-coverage="50% (1/2)" hits="1" number="317">
<conditions>
<condition coverage="50%" number="0" type="jump"/>
</conditions>
</line>
<line branch="false" hits="1" number="318"/>
<line branch="false" hits="1" number="319"/>
<line branch="false" hits="1" number="320"/>
<line branch="true" condition-coverage="50% (2/4)" hits="2" number="321">
<conditions>
<condition coverage="50%" number="0" type="jump"/>
</conditions>
</line>
<line branch="false" hits="0" number="322"/>
<line branch="false" hits="0" number="323"/>
<line branch="false" hits="1" number="324"/>
<line branch="false" hits="1" number="325"/>
<line branch="false" hits="0" number="327"/>
<line branch="false" hits="1" number="329"/>
<line branch="true" condition-coverage="50% (2/4)" hits="2" number="333">
<conditions>
<condition coverage="50%" number="0" type="jump"/>
</conditions>
</line>
<line branch="false" hits="1" number="334"/>
<line branch="false" hits="1" number="335"/>
<line branch="false" hits="1" number="336"/>
<line branch="false" hits="1" number="337"/>
<line branch="true" condition-coverage="50% (1/2)" hits="1" number="340">
<conditions>
<condition coverage="50%" number="0" type="jump"/>
</conditions>
</line>
<line branch="false" hits="0" number="341"/>
<line branch="true" condition-coverage="50% (1/2)" hits="1" number="342">
<conditions>
<condition coverage="50%" number="0" type="jump"/>
</conditions>
</line>
<line branch="false" hits="0" number="343"/>
<line branch="false" hits="0" number="344"/>
<line branch="false" hits="1" number="346"/>
<line branch="false" hits="1" number="347"/>
<line branch="false" hits="1" number="348"/>
<line branch="false" hits="0" number="350"/>
<line branch="false" hits="0" number="351"/>
<line branch="false" hits="1" number="353"/>
<line branch="false" hits="1" number="354"/>
<line branch="false" hits="0" number="357"/>
<line branch="false" hits="0" number="358"/>
<line branch="false" hits="0" number="361"/>
<line branch="false" hits="0" number="362"/>
<line branch="false" hits="0" number="363"/>
<line branch="true" condition-coverage="0% (0/2)" hits="0" number="364">
<conditions>
<condition coverage="0%" number="0" type="jump"/>
</conditions>
</line>
<line branch="false" hits="0" number="365"/>
<line branch="false" hits="0" number="366"/>
<line branch="true" condition-coverage="0% (0/2)" hits="0" number="368">
<conditions>
<condition coverage="0%" number="0" type="jump"/>
</conditions>
</line>
<line branch="false" hits="0" number="369"/>
<line branch="false" hits="0" number="370"/>
<line branch="false" hits="0" number="371"/>
<line branch="true" condition-coverage="0% (0/2)" hits="0" number="373">
<conditions>
<condition coverage="0%" number="0" type="jump"/>
</conditions>
</line>
<line branch="false" hits="0" number="374"/>
<line branch="false" hits="0" number="375"/>
<line branch="false" hits="0" number="376"/>
<line branch="false" hits="0" number="381"/>
<line branch="false" hits="0" number="382"/>
<line branch="false" hits="0" number="383"/>
<line branch="false" hits="0" number="385"/>
<line branch="false" hits="0" number="386"/>
<line branch="false" hits="0" number="388"/>
<line branch="false" hits="0" number="389"/>
<line branch="false" hits="0" number="394"/>
<line branch="false" hits="0" number="395"/>
<line branch="false" hits="0" number="396"/>
<line branch="false" hits="0" number="399"/>
<line branch="false" hits="0" number="400"/>
<line branch="false" hits="0" number="401"/>
<line branch="false" hits="0" number="404"/>
<line branch="false" hits="0" number="405"/>
<line branch="false" hits="0" number="409"/>
<line branch="false" hits="0" number="410"/>
<line branch="false" hits="0" number="411"/>
<line branch="false" hits="0" number="412"/>
<line branch="false" hits="0" number="413"/>
<line branch="false" hits="0" number="414"/>
<line branch="false" hits="0" number="415"/>
<line branch="false" hits="0" number="416"/>
<line branch="false" hits="0" number="417"/>
<line branch="false" hits="0" number="418"/>
<line branch="false" hits="0" number="423"/>
<line branch="false" hits="0" number="427"/>
<line branch="false" hits="0" number="431"/>
<line branch="false" hits="0" number="432"/>
<line branch="false" hits="0" number="433"/>
<line branch="false" hits="0" number="436"/>
<line branch="false" hits="0" number="441"/>
<line branch="false" hits="0" number="442"/>
<line branch="false" hits="0" number="444"/>
<line branch="false" hits="0" number="445"/>
<line branch="true" condition-coverage="50% (1/2)" hits="3" number="450">
<conditions>
<condition coverage="50%" number="0" type="jump"/>
</conditions>
</line>
<line branch="false" hits="1" number="451"/>
<line branch="false" hits="1" number="452"/>
<line branch="false" hits="1" number="453"/>
<line branch="false" hits="1" number="454"/>
<line branch="false" hits="1" number="455"/>
<line branch="false" hits="1" number="456"/>
<line branch="false" hits="1" number="457"/>
<line branch="false" hits="1" number="458"/>
<line branch="true" condition-coverage="50% (1/2)" hits="3" number="460">
<conditions>
<condition coverage="50%" number="0" type="jump"/>
</conditions>
</line>
<line branch="false" hits="1" number="461"/>
<line branch="false" hits="1" number="462"/>
<line branch="false" hits="1" number="463"/>
<line branch="false" hits="1" number="464"/>
<line branch="false" hits="1" number="465"/>
<line branch="false" hits="1" number="466"/>
<line branch="false" hits="1" number="467"/>
<line branch="false" hits="1" number="468"/>
<line branch="false" hits="1" number="469"/>
<line branch="false" hits="1" number="470"/>
<line branch="false" hits="1" number="471"/>
<line branch="false" hits="1" number="475"/>
<line branch="false" hits="1" number="476"/>
<line branch="true" condition-coverage="50% (1/2)" hits="1" number="478">
<conditions>
<condition coverage="50%" number="0" type="jump"/>
</conditions>
</line>
<line branch="true" condition-coverage="50% (1/2)" hits="1" number="479">
<conditions>
<condition coverage="50%" number="0" type="jump"/>
</conditions>
</line>
<line branch="false" hits="1" number="481"/>
<line branch="false" hits="1" number="482"/>
<line branch="false" hits="1" number="484"/>
<line branch="false" hits="1" number="485"/>
<line branch="false" hits="1" number="486"/>
<line branch="false" hits="1" number="488"/>
<line branch="false" hits="1" number="490"/>
<line branch="true" condition-coverage="0% (0/2)" hits="0" number="491">
<conditions>
<condition coverage="0%" number="0" type="jump"/>
</conditions>
</line>
<line branch="false" hits="0" number="493"/>
<line branch="false" hits="0" number="494"/>
<line branch="false" hits="0" number="495"/>
<line branch="false" hits="0" number="496"/>
<line branch="true" condition-coverage="0% (0/4)" hits="0" number="497">
<conditions>
<condition coverage="0%" number="0" type="jump"/>
</conditions>
</line>
<line branch="true" condition-coverage="0% (0/2)" hits="0" number="498">
<conditions>
<condition coverage="0%" number="0" type="jump"/>
</conditions>
</line>
<line branch="false" hits="0" number="500"/>
<line branch="false" hits="0" number="501"/>
<line branch="false" hits="0" number="502"/>
<line branch="false" hits="0" number="503"/>
<line branch="true" condition-coverage="0% (0/2)" hits="0" number="504">
<conditions>
<condition coverage="0%" number="0" type="jump"/>
</conditions>
</line>
<line branch="false" hits="0" number="505"/>
<line branch="false" hits="0" number="506"/>
<line branch="false" hits="0" number="507"/>
<line branch="true" condition-coverage="0% (0/4)" hits="0" number="508">
<conditions>
<condition coverage="0%" number="0" type="jump"/>
</conditions>
</line>
<line branch="false" hits="0" number="510"/>
<line branch="false" hits="0" number="511"/>
<line branch="false" hits="0" number="512"/>
<line branch="true" condition-coverage="0% (0/2)" hits="0" number="513">
<conditions>
<condition coverage="0%" number="0" type="jump"/>
</conditions>
</line>
<line branch="false" hits="0" number="514"/>
<line branch="false" hits="0" number="515"/>
<line branch="false" hits="0" number="516"/>
<line branch="false" hits="1" number="517"/>
<line branch="false" hits="2" number="522"/>
<line branch="false" hits="2" number="525"/>
<line branch="true" condition-coverage="50% (1/2)" hits="2" number="526">
<conditions>
<condition coverage="50%" number="0" type="jump"/>
</conditions>
</line>
<line branch="true" condition-coverage="50% (1/2)" hits="6" number="527">
<conditions>
<condition coverage="50%" number="0" type="jump"/>
</conditions>
</line>
<line branch="false" hits="2" number="528"/>
<line branch="true" condition-coverage="50% (1/2)" hits="4" number="529">
<conditions>
<condition coverage="50%" number="0" type="jump"/>
</conditions>
</line>
<line branch="false" hits="2" number="532"/>
<line branch="false" hits="2" number="533"/>
<line branch="true" condition-coverage="50% (1/2)" hits="4" number="535">
<conditions>
<condition coverage="50%" number="0" type="jump"/>
</conditions>
</line>
<line branch="true" condition-coverage="50% (1/2)" hits="6" number="536">
<conditions>
<condition coverage="50%" number="0" type="jump"/>
</conditions>
</line>
<line branch="true" condition-coverage="50% (1/2)" hits="6" number="537">
<conditions>
<condition coverage="50%" number="0" type="jump"/>
</conditions>
</line>
<line branch="false" hits="2" number="538"/>
<line branch="true" condition-coverage="50% (4/8)" hits="12" number="540">
<conditions>
<condition coverage="50%" number="0" type="jump"/>
</conditions>
</line>
<line branch="true" condition-coverage="50% (1/2)" hits="6" number="541">
<conditions>
<condition coverage="50%" number="0" type="jump"/>
</conditions>
</line>
<line branch="true" condition-coverage="50% (1/2)" hits="6" number="542">
<conditions>
<condition coverage="50%" number="0" type="jump"/>
</conditions>
</line>
<line branch="false" hits="2" number="543"/>
<line branch="true" condition-coverage="25% (1/4)" hits="2" number="544">
<conditions>
<condition coverage="25%" number="0" type="jump"/>
</conditions>
</line>
<line branch="false" hits="0" number="545"/>
<line branch="false" hits="0" number="546"/>
<line branch="false" hits="2" number="548"/>
<line branch="false" hits="2" number="549"/>
<line branch="true" condition-coverage="40% (4/10)" hits="12" number="550">
<conditions>
<condition coverage="40%" number="0" type="jump"/>
</conditions>
</line>
<line branch="true" condition-coverage="50% (1/2)" hits="6" number="551">
<conditions>
<condition coverage="50%" number="0" type="jump"/>
</conditions>
</line>
<line branch="false" hits="2" number="552"/>
<line branch="true" condition-coverage="16% (1/6)" hits="2" number="553">
<conditions>
<condition coverage="16%" number="0" type="jump"/>
</conditions>
</line>
<line branch="false" hits="0" number="554"/>
<line branch="false" hits="0" number="555"/>
<line branch="false" hits="2" number="557"/>
<line branch="false" hits="2" number="558"/>
<line branch="false" hits="2" number="561"/>
<line branch="false" hits="2" number="562"/>
<line branch="false" hits="2" number="563"/>
<line branch="false" hits="2" number="564"/>
<line branch="false" hits="2" number="565"/>
<line branch="false" hits="2" number="566"/>
<line branch="true" condition-coverage="25% (1/4)" hits="2" number="568">
<conditions>
<condition coverage="25%" number="0" type="jump"/>
</conditions>
</line>
<line branch="false" hits="0" number="569"/>
<line branch="false" hits="0" number="570"/>
<line branch="false" hits="2" number="572"/>
<line branch="false" hits="2" number="573"/>
<line branch="false" hits="2" number="574"/>
<line branch="false" hits="2" number="575"/>
<line branch="false" hits="2" number="576"/>
<line branch="true" condition-coverage="16% (1/6)" hits="2" number="578">
<conditions>
<condition coverage="16%" number="0" type="jump"/>
</conditions>
</line>
<line branch="false" hits="0" number="579"/>
<line branch="false" hits="0" number="580"/>
<line branch="false" hits="2" number="582"/>
<line branch="false" hits="2" number="583"/>
<line branch="false" hits="2" number="584"/>
<line branch="false" hits="2" number="585"/>
<line branch="true" condition-coverage="50% (1/2)" hits="2" number="588">
<conditions>
<condition coverage="50%" number="0" type="jump"/>
</conditions>
</line>
<line branch="true" condition-coverage="0% (0/2)" hits="0" number="589">
<conditions>
<condition coverage="0%" number="0" type="jump"/>
</conditions>
</line>
<line branch="true" condition-coverage="0% (0/2)" hits="0" number="590">
<conditions>
<condition coverage="0%" number="0" type="jump"/>
</conditions>
</line>
<line branch="false" hits="0" number="591"/>
<line branch="false" hits="0" number="592"/>
<line branch="true" condition-coverage="0% (0/2)" hits="0" number="593">
<conditions>
<condition coverage="0%" number="0" type="jump"/>
</conditions>
</line>
<line branch="false" hits="0" number="594"/>
<line branch="false" hits="0" number="595"/>
<line branch="false" hits="0" number="596"/>
<line branch="true" condition-coverage="50% (1/2)" hits="2" number="597">
<conditions>
<condition coverage="50%" number="0" type="jump"/>
</conditions>
</line>
<line branch="false" hits="0" number="598"/>
<line branch="false" hits="0" number="599"/>
<line branch="true" condition-coverage="50% (1/2)" hits="2" number="600">
<conditions>
<condition coverage="50%" number="0" type="jump"/>
</conditions>
</line>
<line branch="false" hits="0" number="601"/>
<line branch="false" hits="0" number="602"/>
<line branch="false" hits="2" number="604"/>
<line branch="false" hits="2" number="605"/>
<line branch="false" hits="1" number="611"/>
<line branch="false" hits="1" number="612"/>
<line branch="true" condition-coverage="50% (1/2)" hits="1" number="614">
<conditions>
<condition coverage="50%" number="0" type="jump"/>
</conditions>
</line>
<line branch="false" hits="0" number="616"/>
<line branch="false" hits="0" number="617"/>
<line branch="false" hits="0" number="618"/>
<line branch="false" hits="0" number="619"/>
<line branch="false" hits="0" number="620"/>
<line branch="false" hits="0" number="621"/>
<line branch="true" condition-coverage="0% (0/4)" hits="0" number="623">
<conditions>
<condition coverage="0%" number="0" type="jump"/>
</conditions>
</line>
<line branch="true" condition-coverage="0% (0/6)" hits="0" number="625">
<conditions>
<condition coverage="0%" number="0" type="jump"/>
</conditions>
</line>
<line branch="false" hits="0" number="627"/>
<line branch="false" hits="0" number="630"/>
<line branch="false" hits="0" number="631"/>
<line branch="true" condition-coverage="50% (1/2)" hits="1" number="634">
<conditions>
<condition coverage="50%" number="0" type="jump"/>
</conditions>
</line>
<line branch="false" hits="0" number="635"/>
<line branch="false" hits="0" number="636"/>
<line branch="false" hits="1" number="637"/>
<line branch="true" condition-coverage="50% (1/2)" hits="2" number="642">
<conditions>
<condition coverage="50%" number="0" type="jump"/>
</conditions>
</line>
<line branch="false" hits="2" number="644"/>
<line branch="false" hits="1" number="645"/>
<line branch="false" hits="1" number="646"/>
<line branch="false" hits="1" number="647"/>
<line branch="false" hits="1" number="648"/>
<line branch="false" hits="1" number="649"/>
<line branch="false" hits="1" number="650"/>
<line branch="false" hits="1" number="651"/>
<line branch="false" hits="1" number="652"/>
<line branch="false" hits="1" number="653"/>
<line branch="false" hits="1" number="654"/>
<line branch="false" hits="1" number="656"/>
<line branch="false" hits="1" number="657"/>
<line branch="true" condition-coverage="50% (2/4)" hits="22" number="662">
<conditions>
<condition coverage="50%" number="0" type="jump"/>
</conditions>
</line>
<line branch="false" hits="10" number="663"/>
<line branch="true" condition-coverage="75% (3/4)" hits="22" number="664">
<conditions>
<condition coverage="75%" number="0" type="jump"/>
</conditions>
</line>
<line branch="false" hits="1" number="665"/>
<line branch="true" condition-coverage="0% (0/4)" hits="0" number="668">
<conditions>
<condition coverage="0%" number="0" type="jump"/>
</conditions>
</line>
<line branch="false" hits="0" number="669"/>
<line branch="true" condition-coverage="0% (0/4)" hits="0" number="670">
<conditions>
<condition coverage="0%" number="0" type="jump"/>
</conditions>
</line>
<line branch="false" hits="0" number="671"/>
<line branch="false" hits="1" number="674"/>
<line branch="true" condition-coverage="0% (0/2)" hits="0" number="679">
<conditions>
<condition coverage="0%" number="0" type="jump"/>
</conditions>
</line>
<line branch="false" hits="0" number="680"/>
<line branch="false" hits="0" number="681"/>
<line branch="false" hits="0" number="682"/>
<line branch="false" hits="0" number="684"/>
<line branch="true" condition-coverage="0% (0/6)" hits="0" number="687">
<conditions>
<condition coverage="0%" number="0" type="jump"/>
</conditions>
</line>
<line branch="false" hits="0" number="689"/>
<line branch="true" condition-coverage="0% (0/2)" hits="0" number="690">
<conditions>
<condition coverage="0%" number="0" type="jump"/>
</conditions>
</line>
<line branch="false" hits="0" number="691"/>
<line branch="true" condition-coverage="0% (0/2)" hits="0" number="692">
<conditions>
<condition coverage="0%" number="0" type="jump"/>
</conditions>
</line>
<line branch="false" hits="0" number="693"/>
<line branch="true" condition-coverage="0% (0/2)" hits="0" number="694">
<conditions>
<condition coverage="0%" number="0" type="jump"/>
</conditions>
</line>
<line branch="false" hits="0" number="695"/>
<line branch="true" condition-coverage="0% (0/2)" hits="0" number="696">
<conditions>
<condition coverage="0%" number="0" type="jump"/>
</conditions>
</line>
<line branch="false" hits="0" number="697"/>
<line branch="true" condition-coverage="0% (0/2)" hits="0" number="698">
<conditions>
<condition coverage="0%" number="0" type="jump"/>
</conditions>
</line>
<line branch="false" hits="0" number="699"/>
<line branch="true" condition-coverage="0% (0/2)" hits="0" number="700">
<conditions>
<condition coverage="0%" number="0" type="jump"/>
</conditions>
</line>
<line branch="false" hits="0" number="701"/>
<line branch="true" condition-coverage="0% (0/2)" hits="0" number="702">
<conditions>
<condition coverage="0%" number="0" type="jump"/>
</conditions>
</line>
<line branch="true" condition-coverage="0% (0/2)" hits="0" number="703">
<conditions>
<condition coverage="0%" number="0" type="jump"/>
</conditions>
</line>
<line branch="false" hits="0" number="704"/>
<line branch="false" hits="0" number="705"/>
<line branch="false" hits="0" number="706"/>
<line branch="false" hits="0" number="708"/>
<line branch="false" hits="0" number="709"/>
<line branch="true" condition-coverage="0% (0/3)" hits="0" number="710">
<conditions>
<condition coverage="0%" number="0" type="jump"/>
</conditions>
</line>
<line branch="false" hits="1" number="715"/>
<line branch="false" hits="1" number="717"/>
<line branch="false" hits="1" number="719"/>
<line branch="false" hits="0" number="722"/>
<line branch="false" hits="0" number="723"/>
<line branch="false" hits="0" number="724"/>
<line branch="false" hits="0" number="727"/>
<line branch="true" condition-coverage="0% (0/2)" hits="0" number="728">
<conditions>
<condition coverage="0%" number="0" type="jump"/>
</conditions>
</line>
<line branch="false" hits="0" number="729"/>
<line branch="false" hits="0" number="731"/>
<line branch="true" condition-coverage="0% (0/3)" hits="0" number="733">
<conditions>
<condition coverage="0%" number="0" type="jump"/>
</conditions>
</line>
<line branch="true" condition-coverage="50% (1/2)" hits="1" number="737">
<conditions>
<condition coverage="50%" number="0" type="jump"/>
</conditions>
</line>
<line branch="true" condition-coverage="50% (1/2)" hits="3" number="738">
<conditions>
<condition coverage="50%" number="0" type="jump"/>
</conditions>
</line>
<line branch="false" hits="1" number="739"/>
<line branch="false" hits="1" number="740"/>
<line branch="false" hits="1" number="771"/>
<line branch="false" hits="0" number="776"/>
<line branch="false" hits="0" number="781"/>
<line branch="false" hits="0" number="782"/>
<line branch="false" hits="0" number="785"/>
<line branch="true" condition-coverage="0% (0/2)" hits="0" number="786">
<conditions>
<condition coverage="0%" number="0" type="jump"/>
</conditions>
</line>
<line branch="false" hits="0" number="787"/>
<line branch="false" hits="0" number="788"/>
<line branch="false" hits="0" number="789"/>
<line branch="false" hits="0" number="790"/>
<line branch="false" hits="0" number="791"/>
<line branch="false" hits="0" number="792"/>
<line branch="false" hits="0" number="793"/>
<line branch="false" hits="0" number="794"/>
<line branch="false" hits="0" number="795"/>
<line branch="false" hits="0" number="796"/>
<line branch="false" hits="0" number="799"/>
<line branch="false" hits="0" number="805"/>
<line branch="true" condition-coverage="0% (0/2)" hits="0" number="811">
<conditions>
<condition coverage="0%" number="0" type="jump"/>
</conditions>
</line>
<line branch="false" hits="0" number="812"/>
<line branch="false" hits="0" number="813"/>
<line branch="true" condition-coverage="0% (0/2)" hits="0" number="815">
<conditions>
<condition coverage="0%" number="0" type="jump"/>
</conditions>
</line>
<line branch="false" hits="0" number="817"/>
<line branch="false" hits="0" number="818"/>
<line branch="false" hits="0" number="819"/>
<line branch="false" hits="0" number="820"/>
<line branch="false" hits="0" number="821"/>
<line branch="true" condition-coverage="0% (0/4)" hits="0" number="822">
<conditions>
<condition coverage="0%" number="0" type="jump"/>
</conditions>
</line>
<line branch="true" condition-coverage="0% (0/2)" hits="0" number="823">
<conditions>
<condition coverage="0%" number="0" type="jump"/>
</conditions>
</line>
<line branch="false" hits="0" number="824"/>
<line branch="false" hits="0" number="825"/>
<line branch="false" hits="0" number="826"/>
<line branch="false" hits="0" number="827"/>
<line branch="false" hits="0" number="828"/>
<line branch="false" hits="0" number="830"/>
<line branch="false" hits="0" number="831"/>
<line branch="false" hits="0" number="832"/>
<line branch="false" hits="0" number="833"/>
<line branch="false" hits="0" number="834"/>
<line branch="false" hits="0" number="835"/>
<line branch="false" hits="0" number="836"/>
<line branch="false" hits="0" number="837"/>
<line branch="false" hits="0" number="839"/>
<line branch="false" hits="0" number="840"/>
<line branch="false" hits="0" number="841"/>
<line branch="false" hits="0" number="842"/>
<line branch="false" hits="0" number="843"/>
<line branch="false" hits="0" number="845"/>
<line branch="false" hits="0" number="846"/>
<line branch="false" hits="0" number="847"/>
<line branch="false" hits="0" number="848"/>
<line branch="false" hits="0" number="849"/>
<line branch="false" hits="0" number="850"/>
<line branch="false" hits="0" number="851"/>
<line branch="false" hits="0" number="852"/>
<line branch="false" hits="0" number="853"/>
<line branch="false" hits="0" number="855"/>
<line branch="true" condition-coverage="0% (0/4)" hits="0" number="860">
<conditions>
<condition coverage="0%" number="0" type="jump"/>
</conditions>
</line>
<line branch="false" hits="0" number="861"/>
<line branch="true" condition-coverage="0% (0/4)" hits="0" number="862">
<conditions>
<condition coverage="0%" number="0" type="jump"/>
</conditions>
</line>
<line branch="false" hits="0" number="863"/>
<line branch="true" condition-coverage="0% (0/4)" hits="0" number="866">
<conditions>
<condition coverage="0%" number="0" type="jump"/>
</conditions>
</line>
<line branch="false" hits="0" number="867"/>
<line branch="true" condition-coverage="0% (0/4)" hits="0" number="868">
<conditions>
<condition coverage="0%" number="0" type="jump"/>
</conditions>
</line>
<line branch="false" hits="0" number="869"/>
<line branch="false" hits="0" number="872"/>
<line branch="false" hits="0" number="876"/>
<line branch="false" hits="0" number="877"/>
<line branch="false" hits="0" number="882"/>
<line branch="false" hits="0" number="887"/>
<line branch="false" hits="0" number="888"/>
<line branch="false" hits="0" number="891"/>
<line branch="true" condition-coverage="0% (0/2)" hits="0" number="892">
<conditions>
<condition coverage="0%" number="0" type="jump"/>
</conditions>
</line>
<line branch="false" hits="0" number="893"/>
<line branch="false" hits="0" number="894"/>
<line branch="false" hits="0" number="895"/>
<line branch="false" hits="0" number="896"/>
<line branch="false" hits="0" number="897"/>
<line branch="false" hits="0" number="898"/>
<line branch="false" hits="0" number="899"/>
<line branch="false" hits="0" number="900"/>
<line branch="false" hits="0" number="901"/>
<line branch="false" hits="0" number="902"/>
<line branch="false" hits="0" number="905"/>
<line branch="false" hits="0" number="912"/>
<line branch="false" hits="0" number="917"/>
<line branch="false" hits="0" number="919"/>
<line branch="false" hits="0" number="920"/>
<line branch="false" hits="0" number="921"/>
<line branch="false" hits="0" number="924"/>
<line branch="false" hits="0" number="925"/>
<line branch="false" hits="0" number="926"/>
<line branch="false" hits="0" number="927"/>
<line branch="false" hits="0" number="928"/>
<line branch="false" hits="0" number="929"/>
<line branch="false" hits="0" number="930"/>
<line branch="false" hits="0" number="931"/>
<line branch="false" hits="0" number="932"/>
<line branch="false" hits="0" number="935"/>
<line branch="false" hits="0" number="936"/>
<line branch="false" hits="0" number="937"/>
<line branch="false" hits="0" number="938"/>
<line branch="false" hits="0" number="939"/>
<line branch="false" hits="0" number="940"/>
<line branch="false" hits="0" number="941"/>
<line branch="false" hits="0" number="942"/>
<line branch="false" hits="0" number="944"/>
<line branch="false" hits="0" number="945"/>
<line branch="false" hits="0" number="946"/>
<line branch="true" condition-coverage="0% (0/4)" hits="0" number="949">
<conditions>
<condition coverage="0%" number="0" type="jump"/>
</conditions>
</line>
<line branch="false" hits="0" number="950"/>
<line branch="false" hits="0" number="951"/>
<line branch="false" hits="0" number="952"/>
<line branch="false" hits="0" number="953"/>
<line branch="false" hits="0" number="955"/>
<line branch="false" hits="0" number="956"/>
<line branch="false" hits="0" number="957"/>
<line branch="false" hits="0" number="958"/>
<line branch="false" hits="0" number="960"/>
<line branch="false" hits="0" number="961"/>
<line branch="true" condition-coverage="0% (0/2)" hits="0" number="964">
<conditions>
<condition coverage="0%" number="0" type="jump"/>
</conditions>
</line>
<line branch="false" hits="0" number="965"/>
<line branch="false" hits="0" number="967"/>
<line branch="false" hits="0" number="968"/>
<line branch="false" hits="0" number="969"/>
<line branch="false" hits="0" number="970"/>
<line branch="true" condition-coverage="0% (0/10)" hits="0" number="971">
<conditions>
<condition coverage="0%" number="0" type="jump"/>
</conditions>
</line>
<line branch="false" hits="0" number="972"/>
<line branch="false" hits="0" number="973"/>
<line branch="false" hits="0" number="975"/>
<line branch="false" hits="0" number="976"/>
<line branch="false" hits="0" number="977"/>
<line branch="false" hits="0" number="978"/>
<line branch="true" condition-coverage="0% (0/10)" hits="0" number="979">
<conditions>
<condition coverage="0%" number="0" type="jump"/>
</conditions>
</line>
<line branch="false" hits="0" number="980"/>
<line branch="false" hits="0" number="981"/>
<line branch="false" hits="0" number="983"/>
<line branch="false" hits="0" number="984"/>
<line branch="true" condition-coverage="0% (0/4)" hits="0" number="987">
<conditions>
<condition coverage="0%" number="0" type="jump"/>
</conditions>
</line>
<line branch="false" hits="0" number="988"/>
<line branch="false" hits="0" number="989"/>
<line branch="false" hits="0" number="990"/>
<line branch="false" hits="0" number="992"/>
<line branch="false" hits="0" number="993"/>
<line branch="false" hits="0" number="994"/>
<line branch="false" hits="0" number="996"/>
<line branch="false" hits="0" number="997"/>
<line branch="false" hits="0" number="998"/>
<line branch="true" condition-coverage="0% (0/4)" hits="0" number="1003">
<conditions>
<condition coverage="0%" number="0" type="jump"/>
</conditions>
</line>
<line branch="false" hits="0" number="1004"/>
<line branch="true" condition-coverage="0% (0/4)" hits="0" number="1005">
<conditions>
<condition coverage="0%" number="0" type="jump"/>
</conditions>
</line>
<line branch="false" hits="0" number="1006"/>
<line branch="true" condition-coverage="0% (0/4)" hits="0" number="1009">
<conditions>
<condition coverage="0%" number="0" type="jump"/>
</conditions>
</line>
<line branch="false" hits="0" number="1010"/>
<line branch="true" condition-coverage="0% (0/4)" hits="0" number="1011">
<conditions>
<condition coverage="0%" number="0" type="jump"/>
</conditions>
</line>
<line branch="false" hits="0" number="1012"/>
<line branch="false" hits="0" number="1015"/>
<line branch="false" hits="0" number="1019"/>
<line branch="false" hits="0" number="1020"/>
</lines>
</class>
<class branch-rate="0.0" complexity="0.0" filename="SWRevealViewController.h" line-rate="0.464285714286" name="SWRevealViewController_h">
<methods/>
<lines>
<line branch="false" hits="0" number="257"/>
<line branch="false" hits="0" number="260"/>
<line branch="false" hits="0" number="261"/>
<line branch="false" hits="0" number="264"/>
<line branch="false" hits="0" number="265"/>
<line branch="false" hits="3" number="271"/>
<line branch="false" hits="0" number="274"/>
<line branch="false" hits="0" number="277"/>
<line branch="false" hits="0" number="280"/>
<line branch="false" hits="0" number="283"/>
<line branch="false" hits="0" number="286"/>
<line branch="false" hits="1" number="289"/>
<line branch="false" hits="1" number="292"/>
<line branch="false" hits="1" number="295"/>
<line branch="false" hits="1" number="298"/>
<line branch="false" hits="0" number="303"/>
<line branch="false" hits="0" number="308"/>
<line branch="false" hits="0" number="314"/>
<line branch="false" hits="0" number="193"/>
<line branch="false" hits="0" number="197"/>
<line branch="false" hits="3" number="201"/>
<line branch="false" hits="3" number="210"/>
<line branch="false" hits="3" number="244"/>
<line branch="false" hits="3" number="245"/>
<line branch="false" hits="3" number="248"/>
<line branch="false" hits="3" number="249"/>
<line branch="false" hits="3" number="252"/>
<line branch="false" hits="3" number="253"/>
</lines>
</class>
<class branch-rate="0.169291338583" complexity="0.0" filename="SWRevealViewController.m" line-rate="0.329787234043" name="SWRevealViewController_m">
<methods/>
<lines>
<line branch="false" hits="0" number="38"/>
<line branch="false" hits="0" number="39"/>
<line branch="true" condition-coverage="0% (0/4)" hits="0" number="40">
<conditions>
<condition coverage="0%" number="0" type="jump"/>
</conditions>
</line>
<line branch="true" condition-coverage="0% (0/2)" hits="0" number="41">
<conditions>
<condition coverage="0%" number="0" type="jump"/>
</conditions>
</line>
<line branch="true" condition-coverage="0% (0/2)" hits="0" number="43">
<conditions>
<condition coverage="0%" number="0" type="jump"/>
</conditions>
</line>
<line branch="false" hits="0" number="44"/>
<line branch="false" hits="0" number="46"/>
<line branch="false" hits="0" number="47"/>
<line branch="false" hits="1" number="57"/>
<line branch="false" hits="1" number="58"/>
<line branch="false" hits="2" number="59"/>
<line branch="false" hits="0" number="60"/>
<line branch="false" hits="0" number="72"/>
<line branch="false" hits="6" number="77"/>
<line branch="true" condition-coverage="50% (1/2)" hits="6" number="78">
<conditions>
<condition coverage="50%" number="0" type="jump"/>
</conditions>
</line>
<line branch="true" condition-coverage="50% (1/2)" hits="6" number="79">
<conditions>
<condition coverage="50%" number="0" type="jump"/>
</conditions>
</line>
<line branch="true" condition-coverage="50% (1/2)" hits="6" number="80">
<conditions>
<condition coverage="50%" number="0" type="jump"/>
</conditions>
</line>
<line branch="false" hits="6" number="81"/>
<line branch="false" hits="6" number="82"/>
<line branch="false" hits="1" number="87"/>
<line branch="true" condition-coverage="50% (1/2)" hits="1" number="88">
<conditions>
<condition coverage="50%" number="0" type="jump"/>
</conditions>
</line>
<line branch="false" hits="1" number="90"/>
<line branch="true" condition-coverage="50% (1/2)" hits="2" number="91">
<conditions>
<condition coverage="50%" number="0" type="jump"/>
</conditions>
</line>
<line branch="false" hits="1" number="93"/>
<line branch="false" hits="1" number="94"/>
<line branch="false" hits="1" number="95"/>
<line branch="false" hits="1" number="97"/>
<line branch="false" hits="1" number="98"/>
<line branch="false" hits="1" number="99"/>
<line branch="false" hits="1" number="100"/>
<line branch="false" hits="1" number="105"/>
<line branch="false" hits="1" number="106"/>
<line branch="false" hits="1" number="107"/>
<line branch="false" hits="1" number="108"/>
<line branch="false" hits="1" number="109"/>
<line branch="false" hits="1" number="110"/>
<line branch="true" condition-coverage="50% (1/2)" hits="3" number="115">
<conditions>
<condition coverage="50%" number="0" type="jump"/>
</conditions>
</line>
<line branch="false" hits="0" number="117"/>
<line branch="false" hits="0" number="118"/>
<line branch="false" hits="0" number="119"/>
<line branch="false" hits="0" number="120"/>
<line branch="false" hits="0" number="121"/>
<line branch="false" hits="0" number="122"/>
<line branch="false" hits="3" number="123"/>
<line branch="true" condition-coverage="0% (0/2)" hits="0" number="129">
<conditions>
<condition coverage="0%" number="0" type="jump"/>
</conditions>
</line>
<line branch="true" condition-coverage="0% (0/2)" hits="0" number="131">
<conditions>
<condition coverage="0%" number="0" type="jump"/>
</conditions>
</line>
<line branch="false" hits="0" number="132"/>
<line branch="false" hits="0" number="133"/>
<line branch="false" hits="0" number="134"/>
<line branch="false" hits="0" number="136"/>
<line branch="false" hits="0" number="137"/>
<line branch="false" hits="0" number="138"/>
<line branch="false" hits="0" number="139"/>
<line branch="true" condition-coverage="0% (0/2)" hits="0" number="144">
<conditions>
<condition coverage="0%" number="0" type="jump"/>
</conditions>
</line>
<line branch="true" condition-coverage="0% (0/2)" hits="0" number="146">
<conditions>
<condition coverage="0%" number="0" type="jump"/>
</conditions>
</line>
<line branch="false" hits="0" number="147"/>
<line branch="false" hits="0" number="148"/>
<line branch="false" hits="0" number="149"/>
<line branch="false" hits="0" number="151"/>
<line branch="false" hits="0" number="152"/>
<line branch="false" hits="0" number="153"/>
<line branch="false" hits="0" number="154"/>
<line branch="false" hits="0" number="159"/>
<line branch="false" hits="0" number="160"/>
<line branch="false" hits="0" number="161"/>
<line branch="false" hits="0" number="166"/>
<line branch="false" hits="0" number="167"/>
<line branch="false" hits="0" number="168"/>
<line branch="false" hits="3" number="176"/>
<line branch="false" hits="3" number="178"/>
<line branch="false" hits="3" number="179"/>
<line branch="false" hits="3" number="180"/>
<line branch="true" condition-coverage="50% (1/2)" hits="3" number="182">
<conditions>
<condition coverage="50%" number="0" type="jump"/>
</conditions>
</line>
<line branch="false" hits="0" number="183"/>
<line branch="true" condition-coverage="50% (1/2)" hits="3" number="185">
<conditions>
<condition coverage="50%" number="0" type="jump"/>
</conditions>
</line>
<line branch="false" hits="0" number="186"/>
<line branch="false" hits="3" number="188"/>
<line branch="true" condition-coverage="0% (0/2)" hits="0" number="194">
<conditions>
<condition coverage="0%" number="0" type="jump"/>
</conditions>
</line>
<line branch="false" hits="0" number="196"/>
<line branch="false" hits="0" number="197"/>
<line branch="false" hits="0" number="199"/>
<line branch="true" condition-coverage="0% (0/2)" hits="0" number="200">
<conditions>
<condition coverage="0%" number="0" type="jump"/>
</conditions>
</line>
<line branch="false" hits="0" number="201"/>
<line branch="true" condition-coverage="50% (1/2)" hits="3" number="208">
<conditions>
<condition coverage="50%" number="0" type="jump"/>
</conditions>
</line>
<line branch="true" condition-coverage="50% (1/2)" hits="6" number="210">
<conditions>
<condition coverage="50%" number="0" type="jump"/>
</conditions>
</line>
<line branch="false" hits="3" number="212"/>
<line branch="false" hits="3" number="213"/>
<line branch="false" hits="3" number="216"/>
<line branch="false" hits="3" number="219"/>
<line branch="true" condition-coverage="50% (1/2)" hits="9" number="220">
<conditions>
<condition coverage="50%" number="0" type="jump"/>
</conditions>
</line>
<line branch="false" hits="3" number="223"/>
<line branch="true" condition-coverage="50% (1/2)" hits="9" number="224">
<conditions>
<condition coverage="50%" number="0" type="jump"/>
</conditions>
</line>
<line branch="true" condition-coverage="50% (1/2)" hits="9" number="225">
<conditions>
<condition coverage="50%" number="0" type="jump"/>
</conditions>
</line>
<line branch="true" condition-coverage="50% (3/6)" hits="15" number="226">
<conditions>
<condition coverage="50%" number="0" type="jump"/>
</conditions>
</line>
<line branch="false" hits="3" number="228"/>
<line branch="false" hits="3" number="229"/>
<line branch="false" hits="6" number="230"/>
<line branch="false" hits="0" number="235"/>
<line branch="true" condition-coverage="0% (0/2)" hits="0" number="236">
<conditions>
<condition coverage="0%" number="0" type="jump"/>
</conditions>
</line>
<line branch="true" condition-coverage="0% (0/10)" hits="0" number="238">
<conditions>
<condition coverage="0%" number="0" type="jump"/>
</conditions>
</line>
<line branch="false" hits="0" number="240"/>
<line branch="false" hits="0" number="241"/>
<line branch="false" hits="0" number="242"/>
<line branch="true" condition-coverage="0% (0/10)" hits="0" number="244">
<conditions>
<condition coverage="0%" number="0" type="jump"/>
</conditions>
</line>
<line branch="false" hits="0" number="246"/>
<line branch="false" hits="0" number="247"/>
<line branch="false" hits="0" number="248"/>
<line branch="true" condition-coverage="0% (0/10)" hits="0" number="250">
<conditions>
<condition coverage="0%" number="0" type="jump"/>
</conditions>
</line>
<line branch="false" hits="0" number="252"/>
<line branch="false" hits="0" number="253"/>
<line branch="false" hits="0" number="254"/>
<line branch="false" hits="0" number="255"/>
<line branch="false" hits="0" number="256"/>
<line branch="false" hits="0" number="257"/>
<line branch="false" hits="0" number="262"/>
<line branch="true" condition-coverage="0% (0/6)" hits="0" number="263">
<conditions>
<condition coverage="0%" number="0" type="jump"/>
</conditions>
</line>
<line branch="false" hits="0" number="265"/>
<line branch="false" hits="0" number="266"/>
<line branch="true" condition-coverage="0% (0/4)" hits="0" number="268">
<conditions>
<condition coverage="0%" number="0" type="jump"/>
</conditions>
</line>
<line branch="true" condition-coverage="0% (0/4)" hits="0" number="270">
<conditions>
<condition coverage="0%" number="0" type="jump"/>
</conditions>
</line>
<line branch="false" hits="0" number="272"/>
<line branch="false" hits="0" number="273"/>
<line branch="false" hits="0" number="274"/>
<line branch="false" hits="0" number="275"/>
<line branch="true" condition-coverage="0% (0/4)" hits="0" number="276">
<conditions>
<condition coverage="0%" number="0" type="jump"/>
</conditions>
</line>
<line branch="false" hits="0" number="277"/>
<line branch="false" hits="0" number="278"/>
<line branch="true" condition-coverage="50% (1/2)" hits="6" number="286">
<conditions>
<condition coverage="50%" number="0" type="jump"/>
</conditions>
</line>
<line branch="false" hits="3" number="288"/>
<line branch="true" condition-coverage="50% (1/2)" hits="3" number="289">
<conditions>
<condition coverage="50%" number="0" type="jump"/>
</conditions>
</line>
<line branch="false" hits="3" number="291"/>
<line branch="false" hits="3" number="293"/>
<line branch="false" hits="3" number="294"/>
<line branch="false" hits="3" number="296"/>
<line branch="true" condition-coverage="50% (1/2)" hits="3" number="297">
<conditions>
<condition coverage="50%" number="0" type="jump"/>
</conditions>
</line>
<line branch="false" hits="3" number="299"/>
<line branch="false" hits="3" number="301"/>
<line branch="false" hits="3" number="302"/>
<line branch="false" hits="3" number="303"/>
<line branch="true" condition-coverage="0% (0/4)" hits="0" number="308">
<conditions>
<condition coverage="0%" number="0" type="jump"/>
</conditions>
</line>
<line branch="false" hits="0" number="309"/>
<line branch="false" hits="0" number="311"/>
<line branch="false" hits="0" number="313"/>
<line branch="false" hits="0" number="314"/>
<line branch="false" hits="0" number="315"/>
<line branch="true" condition-coverage="0% (0/8)" hits="0" number="317">
<conditions>
<condition coverage="0%" number="0" type="jump"/>
</conditions>
</line>
<line branch="false" hits="0" number="318"/>
<line branch="false" hits="0" number="319"/>
<line branch="false" hits="0" number="330"/>
<line branch="false" hits="0" number="332"/>
<line branch="false" hits="0" number="334"/>
<line branch="false" hits="0" number="335"/>
<line branch="true" condition-coverage="0% (0/6)" hits="0" number="337">
<conditions>
<condition coverage="0%" number="0" type="jump"/>
</conditions>
</line>
<line branch="true" condition-coverage="0% (0/2)" hits="0" number="338">
<conditions>
<condition coverage="0%" number="0" type="jump"/>
</conditions>
</line>
<line branch="false" hits="0" number="340"/>
<line branch="false" hits="0" number="341"/>
<line branch="false" hits="0" number="342"/>
<line branch="false" hits="0" number="344"/>
<line branch="true" condition-coverage="0% (0/2)" hits="0" number="346">
<conditions>
<condition coverage="0%" number="0" type="jump"/>
</conditions>
</line>
<line branch="false" hits="0" number="347"/>
<line branch="true" condition-coverage="0% (0/2)" hits="0" number="349">
<conditions>
<condition coverage="0%" number="0" type="jump"/>
</conditions>
</line>
<line branch="false" hits="0" number="350"/>
<line branch="false" hits="0" number="353"/>
<line branch="false" hits="0" number="355"/>
<line branch="false" hits="0" number="367"/>
<line branch="false" hits="0" number="380"/>
<line branch="true" condition-coverage="0% (0/2)" hits="0" number="381">
<conditions>
<condition coverage="0%" number="0" type="jump"/>
</conditions>
</line>
<line branch="false" hits="0" number="383"/>
<line branch="false" hits="0" number="384"/>
<line branch="false" hits="0" number="385"/>
<line branch="false" hits="0" number="386"/>
<line branch="false" hits="0" number="387"/>
<line branch="false" hits="0" number="388"/>
<line branch="false" hits="0" number="389"/>
<line branch="false" hits="0" number="390"/>
<line branch="false" hits="0" number="395"/>
<line branch="false" hits="0" number="401"/>
<line branch="false" hits="0" number="407"/>
<line branch="false" hits="0" number="413"/>
<line branch="false" hits="0" number="419"/>
<line branch="false" hits="0" number="425"/>
<line branch="false" hits="0" number="432"/>
<line branch="false" hits="0" number="438"/>
<line branch="false" hits="0" number="444"/>
<line branch="false" hits="0" number="449"/>
<line branch="false" hits="0" number="450"/>
<line branch="true" condition-coverage="0% (0/2)" hits="0" number="455">
<conditions>
<condition coverage="0%" number="0" type="jump"/>
</conditions>
</line>
<line branch="false" hits="0" number="456"/>
<line branch="true" condition-coverage="0% (0/2)" hits="0" number="458">
<conditions>
<condition coverage="0%" number="0" type="jump"/>
</conditions>
</line>
<line branch="false" hits="0" number="459"/>
<line branch="false" hits="0" number="461"/>
<line branch="false" hits="0" number="462"/>
<line branch="false" hits="0" number="468"/>
<line branch="true" condition-coverage="0% (0/2)" hits="0" number="473">
<conditions>
<condition coverage="0%" number="0" type="jump"/>
</conditions>
</line>
<line branch="false" hits="0" number="474"/>
<line branch="true" condition-coverage="0% (0/2)" hits="0" number="479">
<conditions>
<condition coverage="0%" number="0" type="jump"/>
</conditions>
</line>
<line branch="false" hits="0" number="480"/>
<line branch="false" hits="0" number="498"/>
<line branch="true" condition-coverage="0% (0/2)" hits="0" number="499">
<conditions>
<condition coverage="0%" number="0" type="jump"/>
</conditions>
</line>
<line branch="false" hits="0" number="501"/>
<line branch="false" hits="0" number="502"/>
<line branch="false" hits="0" number="503"/>
<line branch="false" hits="0" number="504"/>
<line branch="false" hits="0" number="509"/>
<line branch="false" hits="0" number="510"/>
<line branch="false" hits="0" number="515"/>
<line branch="false" hits="0" number="516"/>
<line branch="true" condition-coverage="0% (0/2)" hits="0" number="518">
<conditions>
<condition coverage="0%" number="0" type="jump"/>
</conditions>
</line>
<line branch="false" hits="0" number="520"/>
<line branch="false" hits="0" number="522"/>
<line branch="false" hits="0" number="523"/>
<line branch="false" hits="0" number="528"/>
<line branch="false" hits="0" number="529"/>
<line branch="false" hits="0" number="530"/>
<line branch="false" hits="0" number="532"/>
<line branch="false" hits="0" number="533"/>
<line branch="false" hits="0" number="534"/>
<line branch="false" hits="0" number="535"/>
<line branch="false" hits="0" number="536"/>
<line branch="false" hits="0" number="556"/>
<line branch="false" hits="0" number="558"/>
<line branch="false" hits="0" number="559"/>
<line branch="false" hits="0" number="560"/>
<line branch="false" hits="0" number="561"/>
<line branch="false" hits="0" number="566"/>
<line branch="true" condition-coverage="0% (0/4)" hits="0" number="568">
<conditions>
<condition coverage="0%" number="0" type="jump"/>
</conditions>
</line>
<line branch="false" hits="0" number="569"/>
<line branch="false" hits="0" number="571"/>
<line branch="false" hits="0" number="573"/>
<line branch="false" hits="0" number="574"/>
<line branch="true" condition-coverage="0% (0/4)" hits="0" number="576">
<conditions>
<condition coverage="0%" number="0" type="jump"/>
</conditions>
</line>
<line branch="true" condition-coverage="0% (0/4)" hits="0" number="577">
<conditions>
<condition coverage="0%" number="0" type="jump"/>
</conditions>
</line>
<line branch="true" condition-coverage="0% (0/3)" hits="0" number="578">
<conditions>
<condition coverage="0%" number="0" type="jump"/>
</conditions>
</line>
<line branch="false" hits="0" number="600"/>
<line branch="false" hits="1" number="614"/>
<line branch="true" condition-coverage="50% (1/2)" hits="1" number="615">
<conditions>
<condition coverage="50%" number="0" type="jump"/>
</conditions>
</line>
<line branch="false" hits="1" number="617"/>
<line branch="false" hits="1" number="618"/>
<line branch="false" hits="1" number="619"/>
<line branch="false" hits="1" number="620"/>
<line branch="false" hits="0" number="625"/>
<line branch="false" hits="0" number="626"/>
<line branch="false" hits="0" number="631"/>
<line branch="true" condition-coverage="0% (0/2)" hits="0" number="632">
<conditions>
<condition coverage="0%" number="0" type="jump"/>
</conditions>
</line>
<line branch="false" hits="0" number="634"/>
<line branch="false" hits="0" number="635"/>
<line branch="false" hits="0" number="636"/>
<line branch="false" hits="0" number="637"/>
<line branch="false" hits="0" number="638"/>
<line branch="false" hits="0" number="639"/>
<line branch="false" hits="1" number="644"/>
<line branch="false" hits="1" number="645"/>
<line branch="false" hits="1" number="646"/>
<line branch="false" hits="1" number="647"/>
<line branch="false" hits="1" number="648"/>
<line branch="false" hits="1" number="649"/>
<line branch="false" hits="1" number="650"/>
<line branch="false" hits="1" number="651"/>
<line branch="false" hits="1" number="652"/>
<line branch="false" hits="1" number="653"/>
<line branch="false" hits="1" number="654"/>
<line branch="false" hits="1" number="655"/>
<line branch="false" hits="1" number="656"/>
<line branch="false" hits="1" number="657"/>
<line branch="false" hits="1" number="658"/>
<line branch="false" hits="1" number="659"/>
<line branch="false" hits="1" number="660"/>
<line branch="false" hits="1" number="661"/>
<line branch="false" hits="1" number="662"/>
<line branch="false" hits="1" number="663"/>
<line branch="false" hits="1" number="664"/>
<line branch="false" hits="1" number="665"/>
<line branch="false" hits="1" number="666"/>
<line branch="false" hits="1" number="667"/>
<line branch="false" hits="1" number="668"/>
<line branch="false" hits="1" number="669"/>
<line branch="false" hits="1" number="670"/>
<line branch="false" hits="1" number="671"/>
<line branch="false" hits="1" number="672"/>
<line branch="false" hits="8" number="679"/>
<line branch="false" hits="8" number="681"/>
<line branch="true" condition-coverage="50% (1/2)" hits="8" number="682">
<conditions>
<condition coverage="50%" number="0" type="jump"/>
</conditions>
</line>
<line branch="true" condition-coverage="50% (1/2)" hits="8" number="683">
<conditions>
<condition coverage="50%" number="0" type="jump"/>
</conditions>
</line>
<line branch="false" hits="8" number="685"/>
<line branch="false" hits="8" number="686"/>
<line branch="false" hits="4" number="690"/>
<line branch="false" hits="4" number="691"/>
<line branch="false" hits="4" number="692"/>
<line branch="false" hits="1" number="703"/>
<line branch="true" condition-coverage="50% (1/2)" hits="3" number="711">
<conditions>
<condition coverage="50%" number="0" type="jump"/>
</conditions>
</line>
<line branch="false" hits="1" number="714"/>
<line branch="false" hits="1" number="717"/>
<line branch="false" hits="1" number="720"/>
<line branch="false" hits="1" number="723"/>
<line branch="false" hits="1" number="726"/>
<line branch="false" hits="1" number="730"/>
<line branch="false" hits="1" number="731"/>
<line branch="false" hits="1" number="732"/>
<line branch="false" hits="1" number="733"/>
<line branch="false" hits="1" number="736"/>
<line branch="false" hits="1" number="737"/>
<line branch="false" hits="1" number="742"/>
<line branch="false" hits="1" number="761"/>
<line branch="false" hits="1" number="762"/>
<line branch="false" hits="11" number="769"/>
<line branch="false" hits="0" number="777"/>
<line branch="false" hits="0" number="778"/>
<line branch="true" condition-coverage="0% (0/2)" hits="0" number="783">
<conditions>
<condition coverage="0%" number="0" type="jump"/>
</conditions>
</line>
<line branch="false" hits="0" number="785"/>
<line branch="false" hits="0" number="786"/>
<line branch="false" hits="0" number="789"/>
<line branch="true" condition-coverage="0% (0/3)" hits="0" number="790">
<conditions>
<condition coverage="0%" number="0" type="jump"/>
</conditions>
</line>
<line branch="true" condition-coverage="0% (0/2)" hits="0" number="795">
<conditions>
<condition coverage="0%" number="0" type="jump"/>
</conditions>
</line>
<line branch="false" hits="0" number="797"/>
<line branch="false" hits="0" number="798"/>
<line branch="false" hits="0" number="801"/>
<line branch="true" condition-coverage="0% (0/3)" hits="0" number="802">
<conditions>
<condition coverage="0%" number="0" type="jump"/>
</conditions>
</line>
<line branch="false" hits="0" number="807"/>
<line branch="false" hits="0" number="808"/>
<line branch="true" condition-coverage="0% (0/2)" hits="0" number="813">
<conditions>
<condition coverage="0%" number="0" type="jump"/>
</conditions>
</line>
<line branch="false" hits="0" number="815"/>
<line branch="false" hits="0" number="816"/>
<line branch="false" hits="0" number="819"/>
<line branch="true" condition-coverage="0% (0/3)" hits="0" number="820">
<conditions>
<condition coverage="0%" number="0" type="jump"/>
</conditions>
</line>
<line branch="false" hits="0" number="825"/>
<line branch="false" hits="0" number="826"/>
<line branch="true" condition-coverage="0% (0/2)" hits="0" number="831">
<conditions>
<condition coverage="0%" number="0" type="jump"/>
</conditions>
</line>
<line branch="false" hits="0" number="833"/>
<line branch="false" hits="0" number="834"/>
<line branch="false" hits="0" number="837"/>
<line branch="true" condition-coverage="0% (0/3)" hits="0" number="838">
<conditions>
<condition coverage="0%" number="0" type="jump"/>
</conditions>
</line>
<line branch="false" hits="0" number="843"/>
<line branch="true" condition-coverage="0% (0/2)" hits="0" number="844">
<conditions>
<condition coverage="0%" number="0" type="jump"/>
</conditions>
</line>
<line branch="false" hits="0" number="845"/>
<line branch="false" hits="0" number="847"/>
<line branch="false" hits="0" number="848"/>
<line branch="false" hits="0" number="853"/>
<line branch="true" condition-coverage="0% (0/2)" hits="0" number="854">
<conditions>
<condition coverage="0%" number="0" type="jump"/>
</conditions>
</line>
<line branch="false" hits="0" number="855"/>
<line branch="false" hits="0" number="857"/>
<line branch="false" hits="0" number="858"/>
<line branch="false" hits="0" number="863"/>
<line branch="false" hits="0" number="864"/>
<line branch="true" condition-coverage="0% (0/2)" hits="0" number="869">
<conditions>
<condition coverage="0%" number="0" type="jump"/>
</conditions>
</line>
<line branch="false" hits="0" number="871"/>
<line branch="false" hits="0" number="872"/>
<line branch="false" hits="0" number="873"/>
<line branch="false" hits="0" number="874"/>
<line branch="false" hits="0" number="877"/>
<line branch="false" hits="0" number="878"/>
<line branch="false" hits="0" number="883"/>
<line branch="false" hits="0" number="884"/>
<line branch="false" hits="0" number="885"/>
<line branch="false" hits="0" number="890"/>
<line branch="false" hits="0" number="891"/>
<line branch="false" hits="0" number="892"/>
<line branch="false" hits="0" number="897"/>
<line branch="false" hits="0" number="898"/>
<line branch="false" hits="0" number="899"/>
<line branch="false" hits="0" number="904"/>
<line branch="false" hits="0" number="905"/>
<line branch="false" hits="0" number="906"/>
<line branch="true" condition-coverage="50% (1/2)" hits="1" number="911">
<conditions>
<condition coverage="50%" number="0" type="jump"/>
</conditions>
</line>
<line branch="false" hits="1" number="913"/>
<line branch="false" hits="1" number="914"/>
<line branch="false" hits="1" number="915"/>
<line branch="false" hits="1" number="916"/>
<line branch="false" hits="1" number="917"/>
<line branch="true" condition-coverage="0% (0/2)" hits="0" number="923">
<conditions>
<condition coverage="0%" number="0" type="jump"/>
</conditions>
</line>
<line branch="false" hits="0" number="925"/>
<line branch="false" hits="0" number="928"/>
<line branch="false" hits="0" number="929"/>
<line branch="false" hits="0" number="930"/>
<line branch="false" hits="0" number="931"/>
<line branch="false" hits="0" number="932"/>
<line branch="false" hits="0" number="938"/>
<line branch="false" hits="0" number="939"/>
<line branch="false" hits="0" number="940"/>
<line branch="false" hits="0" number="948"/>
<line branch="false" hits="0" number="949"/>
<line branch="false" hits="0" number="954"/>
<line branch="false" hits="0" number="955"/>
<line branch="false" hits="0" number="963"/>
<line branch="false" hits="0" number="964"/>
<line branch="false" hits="0" number="965"/>
<line branch="false" hits="0" number="972"/>
<line branch="false" hits="0" number="973"/>
<line branch="false" hits="0" number="974"/>
<line branch="true" condition-coverage="0% (0/2)" hits="0" number="981">
<conditions>
<condition coverage="0%" number="0" type="jump"/>
</conditions>
</line>
<line branch="false" hits="0" number="982"/>
<line branch="false" hits="0" number="985"/>
<line branch="true" condition-coverage="0% (0/2)" hits="0" number="987">
<conditions>
<condition coverage="0%" number="0" type="jump"/>
</conditions>
</line>
<line branch="false" hits="0" number="988"/>
<line branch="true" condition-coverage="0% (0/2)" hits="0" number="990">
<conditions>
<condition coverage="0%" number="0" type="jump"/>
</conditions>
</line>
<line branch="false" hits="0" number="991"/>
<line branch="false" hits="0" number="992"/>
<line branch="false" hits="0" number="997"/>
<line branch="true" condition-coverage="0% (0/2)" hits="0" number="999">
<conditions>
<condition coverage="0%" number="0" type="jump"/>
</conditions>
</line>
<line branch="false" hits="0" number="1000"/>
<line branch="true" condition-coverage="0% (0/2)" hits="0" number="1002">
<conditions>
<condition coverage="0%" number="0" type="jump"/>
</conditions>
</line>
<line branch="false" hits="0" number="1003"/>
<line branch="false" hits="0" number="1004"/>
<line branch="false" hits="0" number="1009"/>
<line branch="true" condition-coverage="0% (0/2)" hits="0" number="1011">
<conditions>
<condition coverage="0%" number="0" type="jump"/>
</conditions>
</line>
<line branch="false" hits="0" number="1012"/>
<line branch="true" condition-coverage="0% (0/2)" hits="0" number="1014">
<conditions>
<condition coverage="0%" number="0" type="jump"/>
</conditions>
</line>
<line branch="false" hits="0" number="1015"/>
<line branch="true" condition-coverage="0% (0/2)" hits="0" number="1017">
<conditions>
<condition coverage="0%" number="0" type="jump"/>
</conditions>
</line>
<line branch="false" hits="0" number="1018"/>
<line branch="false" hits="0" number="1019"/>
<line branch="true" condition-coverage="50% (1/2)" hits="3" number="1026">
<conditions>
<condition coverage="50%" number="0" type="jump"/>
</conditions>
</line>
<line branch="false" hits="3" number="1027"/>
<line branch="true" condition-coverage="25% (1/4)" hits="3" number="1029">
<conditions>
<condition coverage="25%" number="0" type="jump"/>
</conditions>
</line>
<line branch="false" hits="3" number="1030"/>
<line branch="true" condition-coverage="0% (0/2)" hits="0" number="1034">
<conditions>
<condition coverage="0%" number="0" type="jump"/>
</conditions>
</line>
<line branch="false" hits="0" number="1035"/>
<line branch="false" hits="0" number="1036"/>
<line branch="true" condition-coverage="50% (1/2)" hits="3" number="1040">
<conditions>
<condition coverage="50%" number="0" type="jump"/>
</conditions>
</line>
<line branch="false" hits="3" number="1041"/>
<line branch="false" hits="0" number="1045"/>
<line branch="true" condition-coverage="0% (0/2)" hits="0" number="1046">
<conditions>
<condition coverage="0%" number="0" type="jump"/>
</conditions>
</line>
<line branch="false" hits="0" number="1048"/>
<line branch="true" condition-coverage="0% (0/2)" hits="0" number="1050">
<conditions>
<condition coverage="0%" number="0" type="jump"/>
</conditions>
</line>
<line branch="true" condition-coverage="0% (0/4)" hits="0" number="1051">
<conditions>
<condition coverage="0%" number="0" type="jump"/>
</conditions>
</line>
<line branch="false" hits="0" number="1053"/>
<line branch="false" hits="0" number="1054"/>
<line branch="false" hits="0" number="1058"/>
<line branch="true" condition-coverage="0% (0/2)" hits="0" number="1059">
<conditions>
<condition coverage="0%" number="0" type="jump"/>
</conditions>
</line>
<line branch="false" hits="0" number="1061"/>
<line branch="true" condition-coverage="0% (0/2)" hits="0" number="1063">
<conditions>
<condition coverage="0%" number="0" type="jump"/>
</conditions>
</line>
<line branch="true" condition-coverage="0% (0/2)" hits="0" number="1064">
<conditions>
<condition coverage="0%" number="0" type="jump"/>
</conditions>
</line>
<line branch="true" condition-coverage="0% (0/4)" hits="0" number="1066">
<conditions>
<condition coverage="0%" number="0" type="jump"/>
</conditions>
</line>
<line branch="false" hits="0" number="1068"/>
<line branch="false" hits="0" number="1069"/>
<line branch="false" hits="0" number="1070"/>
<line branch="false" hits="0" number="1082"/>
<line branch="true" condition-coverage="0% (0/2)" hits="0" number="1083">
<conditions>
<condition coverage="0%" number="0" type="jump"/>
</conditions>
</line>
<line branch="false" hits="0" number="1085"/>
<line branch="false" hits="0" number="1086"/>
<line branch="false" hits="0" number="1087"/>
<line branch="false" hits="3" number="1094"/>
<line branch="true" condition-coverage="50% (1/2)" hits="3" number="1096">
<conditions>
<condition coverage="50%" number="0" type="jump"/>
</conditions>
</line>
<line branch="false" hits="0" number="1098"/>
<line branch="false" hits="0" number="1099"/>
<line branch="false" hits="0" number="1100"/>
<line branch="false" hits="3" number="1101"/>
<line branch="true" condition-coverage="0% (0/2)" hits="0" number="1109">
<conditions>
<condition coverage="0%" number="0" type="jump"/>
</conditions>
</line>
<line branch="true" condition-coverage="0% (0/2)" hits="0" number="1111">
<conditions>
<condition coverage="0%" number="0" type="jump"/>
</conditions>
</line>
<line branch="false" hits="0" number="1112"/>
<line branch="true" condition-coverage="0% (0/2)" hits="0" number="1114">
<conditions>
<condition coverage="0%" number="0" type="jump"/>
</conditions>
</line>
<line branch="false" hits="0" number="1115"/>
<line branch="false" hits="0" number="1116"/>
<line branch="false" hits="0" number="1118"/>
<line branch="false" hits="0" number="1119"/>
<line branch="true" condition-coverage="0% (0/2)" hits="0" number="1124">
<conditions>
<condition coverage="0%" number="0" type="jump"/>
</conditions>
</line>
<line branch="true" condition-coverage="0% (0/2)" hits="0" number="1126">
<conditions>
<condition coverage="0%" number="0" type="jump"/>
</conditions>
</line>
<line branch="true" condition-coverage="0% (0/2)" hits="0" number="1127">
<conditions>
<condition coverage="0%" number="0" type="jump"/>
</conditions>
</line>
<line branch="false" hits="0" number="1128"/>
<line branch="false" hits="0" number="1129"/>
<line branch="true" condition-coverage="0% (0/2)" hits="0" number="1130">
<conditions>
<condition coverage="0%" number="0" type="jump"/>
</conditions>
</line>
<line branch="true" condition-coverage="0% (0/2)" hits="0" number="1132">
<conditions>
<condition coverage="0%" number="0" type="jump"/>
</conditions>
</line>
<line branch="true" condition-coverage="0% (0/2)" hits="0" number="1133">
<conditions>
<condition coverage="0%" number="0" type="jump"/>
</conditions>
</line>
<line branch="false" hits="0" number="1134"/>
<line branch="false" hits="0" number="1135"/>
<line branch="false" hits="0" number="1137"/>
<line branch="false" hits="0" number="1138"/>
<line branch="true" condition-coverage="0% (0/6)" hits="0" number="1143">
<conditions>
<condition coverage="0%" number="0" type="jump"/>
</conditions>
</line>
<line branch="false" hits="0" number="1146"/>
<line branch="true" condition-coverage="0% (0/2)" hits="0" number="1149">
<conditions>
<condition coverage="0%" number="0" type="jump"/>
</conditions>
</line>
<line branch="true" condition-coverage="0% (0/2)" hits="0" number="1150">
<conditions>
<condition coverage="0%" number="0" type="jump"/>
</conditions>
</line>
<line branch="false" hits="0" number="1151"/>
<line branch="false" hits="0" number="1153"/>
<line branch="false" hits="0" number="1154"/>
<line branch="false" hits="0" number="1160"/>
<line branch="false" hits="0" number="1161"/>
<line branch="true" condition-coverage="0% (0/2)" hits="0" number="1167">
<conditions>
<condition coverage="0%" number="0" type="jump"/>
</conditions>
</line>
<line branch="true" condition-coverage="0% (0/2)" hits="0" number="1168">
<conditions>
<condition coverage="0%" number="0" type="jump"/>
</conditions>
</line>
<line branch="false" hits="0" number="1169"/>
<line branch="false" hits="0" number="1171"/>
<line branch="true" condition-coverage="0% (0/2)" hits="0" number="1172">
<conditions>
<condition coverage="0%" number="0" type="jump"/>
</conditions>
</line>
<line branch="true" condition-coverage="0% (0/8)" hits="0" number="1174">
<conditions>
<condition coverage="0%" number="0" type="jump"/>
</conditions>
</line>
<line branch="true" condition-coverage="0% (0/8)" hits="0" number="1180">
<conditions>
<condition coverage="0%" number="0" type="jump"/>
</conditions>
</line>
<line branch="true" condition-coverage="0% (0/2)" hits="0" number="1184">
<conditions>
<condition coverage="0%" number="0" type="jump"/>
</conditions>
</line>
<line branch="false" hits="0" number="1185"/>
<line branch="false" hits="0" number="1192"/>
<line branch="false" hits="0" number="1193"/>
<line branch="false" hits="0" number="1194"/>
<line branch="true" condition-coverage="0% (0/5)" hits="0" number="1199">
<conditions>
<condition coverage="0%" number="0" type="jump"/>
</conditions>
</line>
<line branch="false" hits="0" number="1202"/>
<line branch="false" hits="0" number="1203"/>
<line branch="false" hits="0" number="1206"/>
<line branch="false" hits="0" number="1207"/>
<line branch="false" hits="0" number="1210"/>
<line branch="false" hits="0" number="1211"/>
<line branch="false" hits="0" number="1215"/>
<line branch="false" hits="0" number="1216"/>
<line branch="false" hits="0" number="1219"/>
<line branch="false" hits="0" number="1221"/>
<line branch="false" hits="0" number="1230"/>
<line branch="false" hits="0" number="1233"/>
<line branch="false" hits="0" number="1237"/>
<line branch="false" hits="0" number="1238"/>
<line branch="false" hits="0" number="1239"/>
<line branch="false" hits="0" number="1244"/>
<line branch="false" hits="0" number="1246"/>
<line branch="false" hits="0" number="1247"/>
<line branch="true" condition-coverage="0% (0/2)" hits="0" number="1249">
<conditions>
<condition coverage="0%" number="0" type="jump"/>
</conditions>
</line>
<line branch="true" condition-coverage="0% (0/2)" hits="0" number="1251">
<conditions>
<condition coverage="0%" number="0" type="jump"/>
</conditions>
</line>
<line branch="false" hits="0" number="1252"/>
<line branch="false" hits="0" number="1253"/>
<line branch="false" hits="0" number="1254"/>
<line branch="true" condition-coverage="0% (0/2)" hits="0" number="1256">
<conditions>
<condition coverage="0%" number="0" type="jump"/>
</conditions>
</line>
<line branch="true" condition-coverage="0% (0/2)" hits="0" number="1258">
<conditions>
<condition coverage="0%" number="0" type="jump"/>
</conditions>
</line>
<line branch="false" hits="0" number="1259"/>
<line branch="false" hits="0" number="1260"/>
<line branch="false" hits="0" number="1261"/>
<line branch="false" hits="0" number="1263"/>
<line branch="false" hits="0" number="1264"/>
<line branch="false" hits="0" number="1265"/>
<line branch="false" hits="0" number="1270"/>
<line branch="true" condition-coverage="0% (0/2)" hits="0" number="1272">
<conditions>
<condition coverage="0%" number="0" type="jump"/>
</conditions>
</line>
<line branch="false" hits="0" number="1273"/>
<line branch="false" hits="0" number="1277"/>
<line branch="false" hits="0" number="1285"/>
<line branch="false" hits="0" number="1286"/>
<line branch="false" hits="0" number="1289"/>
<line branch="false" hits="0" number="1292"/>
<line branch="false" hits="0" number="1293"/>
<line branch="true" condition-coverage="0% (0/4)" hits="0" number="1296">
<conditions>
<condition coverage="0%" number="0" type="jump"/>
</conditions>
</line>
<line branch="false" hits="0" number="1299"/>
<line branch="true" condition-coverage="0% (0/2)" hits="0" number="1300">
<conditions>
<condition coverage="0%" number="0" type="jump"/>
</conditions>
</line>
<line branch="false" hits="0" number="1302"/>
<line branch="false" hits="0" number="1303"/>
<line branch="true" condition-coverage="0% (0/2)" hits="0" number="1304">
<conditions>
<condition coverage="0%" number="0" type="jump"/>
</conditions>
</line>
<line branch="true" condition-coverage="0% (0/4)" hits="0" number="1306">
<conditions>
<condition coverage="0%" number="0" type="jump"/>
</conditions>
</line>
<line branch="false" hits="0" number="1308"/>
<line branch="false" hits="0" number="1309"/>
<line branch="false" hits="0" number="1310"/>
<line branch="false" hits="0" number="1311"/>
<line branch="false" hits="0" number="1312"/>
<line branch="true" condition-coverage="0% (0/2)" hits="0" number="1314">
<conditions>
<condition coverage="0%" number="0" type="jump"/>
</conditions>
</line>
<line branch="false" hits="0" number="1315"/>
<line branch="true" condition-coverage="0% (0/2)" hits="0" number="1321">
<conditions>
<condition coverage="0%" number="0" type="jump"/>
</conditions>
</line>
<line branch="false" hits="0" number="1323"/>
<line branch="true" condition-coverage="0% (0/2)" hits="0" number="1324">
<conditions>
<condition coverage="0%" number="0" type="jump"/>
</conditions>
</line>
<line branch="true" condition-coverage="0% (0/2)" hits="0" number="1326">
<conditions>
<condition coverage="0%" number="0" type="jump"/>
</conditions>
</line>
<line branch="false" hits="0" number="1327"/>
<line branch="true" condition-coverage="0% (0/4)" hits="0" number="1329">
<conditions>
<condition coverage="0%" number="0" type="jump"/>
</conditions>
</line>
<line branch="false" hits="0" number="1330"/>
<line branch="false" hits="0" number="1331"/>
<line branch="false" hits="0" number="1332"/>
<line branch="false" hits="0" number="1336"/>
<line branch="false" hits="0" number="1339"/>
[...]
<line branch="false" hits="0" number="24"/>
<line branch="false" hits="0" number="27"/>
<line branch="false" hits="0" number="30"/>
<line branch="false" hits="0" number="33"/>
<line branch="false" hits="0" number="34"/>
<line branch="false" hits="0" number="35"/>
<line branch="false" hits="0" number="37"/>
<line branch="false" hits="0" number="38"/>
<line branch="false" hits="0" number="39"/>
<line branch="false" hits="0" number="40"/>
<line branch="true" condition-coverage="0% (0/2)" hits="0" number="41">
<conditions>
<condition coverage="0%" number="0" type="jump"/>
</conditions>
</line>
<line branch="false" hits="0" number="42"/>
<line branch="false" hits="0" number="43"/>
<line branch="false" hits="0" number="44"/>
<line branch="false" hits="0" number="45"/>
<line branch="false" hits="0" number="46"/>
<line branch="false" hits="0" number="51"/>
<line branch="false" hits="0" number="52"/>
<line branch="false" hits="0" number="55"/>
<line branch="false" hits="0" number="57"/>
<line branch="false" hits="0" number="74"/>
<line branch="true" condition-coverage="0% (0/2)" hits="0" number="77">
<conditions>
<condition coverage="0%" number="0" type="jump"/>
</conditions>
</line>
<line branch="false" hits="0" number="79"/>
<line branch="false" hits="0" number="83"/>
<line branch="false" hits="0" number="86"/>
<line branch="false" hits="0" number="90"/>
<line branch="true" condition-coverage="0% (0/2)" hits="0" number="94">
<conditions>
<condition coverage="0%" number="0" type="jump"/>
</conditions>
</line>
<line branch="false" hits="0" number="96"/>
<line branch="false" hits="0" number="100"/>
<line branch="false" hits="0" number="103"/>
<line branch="false" hits="0" number="106"/>
<line branch="false" hits="0" number="107"/>
<line branch="false" hits="0" number="110"/>
<line branch="false" hits="0" number="111"/>
</lines>
</class>
<class branch-rate="0.0" complexity="0.0" filename="IntelliGuide/PreferencesViewController.h" line-rate="0.0" name="PreferencesViewController_h">
<methods/>
<lines>
<line branch="false" hits="0" number="38"/>
<line branch="false" hits="0" number="31"/>
</lines>
</class>
<class branch-rate="0.111111111111" complexity="0.0" filename="IntelliGuide/PreferencesViewController.m" line-rate="0.383333333333" name="PreferencesViewController_m">
<methods/>
<lines>
<line branch="false" hits="13" number="22"/>
<line branch="false" hits="11" number="23"/>
<line branch="false" hits="0" number="24"/>
<line branch="false" hits="28" number="25"/>
<line branch="false" hits="0" number="26"/>
<line branch="false" hits="1" number="27"/>
<line branch="false" hits="3" number="28"/>
<line branch="false" hits="1" number="29"/>
<line branch="false" hits="1" number="30"/>
<line branch="false" hits="1" number="31"/>
<line branch="false" hits="1" number="32"/>
<line branch="false" hits="2" number="33"/>
<line branch="false" hits="1" number="35"/>
<line branch="false" hits="0" number="42"/>
<line branch="false" hits="0" number="47"/>
<line branch="false" hits="0" number="48"/>
<line branch="false" hits="0" number="51"/>
<line branch="false" hits="0" number="52"/>
<line branch="false" hits="0" number="55"/>
<line branch="true" condition-coverage="0% (0/2)" hits="0" number="56">
<conditions>
<condition coverage="0%" number="0" type="jump"/>
</conditions>
</line>
<line branch="false" hits="0" number="57"/>
<line branch="false" hits="0" number="58"/>
<line branch="false" hits="0" number="59"/>
<line branch="false" hits="0" number="60"/>
<line branch="false" hits="0" number="61"/>
<line branch="false" hits="0" number="62"/>
<line branch="false" hits="0" number="63"/>
<line branch="false" hits="0" number="64"/>
<line branch="false" hits="0" number="65"/>
<line branch="false" hits="0" number="66"/>
<line branch="false" hits="0" number="67"/>
<line branch="false" hits="0" number="68"/>
<line branch="false" hits="0" number="69"/>
<line branch="false" hits="0" number="70"/>
<line branch="false" hits="0" number="71"/>
<line branch="true" condition-coverage="0% (0/2)" hits="0" number="74">
<conditions>
<condition coverage="0%" number="0" type="jump"/>
</conditions>
</line>
<line branch="false" hits="0" number="75"/>
<line branch="true" condition-coverage="0% (0/4)" hits="0" number="76">
<conditions>
<condition coverage="0%" number="0" type="jump"/>
</conditions>
</line>
<line branch="false" hits="0" number="77"/>
<line branch="true" condition-coverage="0% (0/4)" hits="0" number="78">
<conditions>
<condition coverage="0%" number="0" type="jump"/>
</conditions>
</line>
<line branch="false" hits="0" number="79"/>
<line branch="false" hits="0" number="80"/>
<line branch="true" condition-coverage="0% (0/4)" hits="0" number="81">
<conditions>
<condition coverage="0%" number="0" type="jump"/>
</conditions>
</line>
<line branch="false" hits="0" number="82"/>
<line branch="true" condition-coverage="0% (0/4)" hits="0" number="83">
<conditions>
<condition coverage="0%" number="0" type="jump"/>
</conditions>
</line>
<line branch="false" hits="0" number="85"/>
<line branch="true" condition-coverage="0% (0/6)" hits="0" number="89">
<conditions>
<condition coverage="0%" number="0" type="jump"/>
</conditions>
</line>
<line branch="true" condition-coverage="0% (0/4)" hits="0" number="90">
<conditions>
<condition coverage="0%" number="0" type="jump"/>
</conditions>
</line>
<line branch="false" hits="0" number="91"/>
<line branch="true" condition-coverage="0% (0/4)" hits="0" number="92">
<conditions>
<condition coverage="0%" number="0" type="jump"/>
</conditions>
</line>
<line branch="false" hits="0" number="93"/>
<line branch="false" hits="0" number="96"/>
<line branch="true" condition-coverage="0% (0/2)" hits="0" number="97">
<conditions>
<condition coverage="0%" number="0" type="jump"/>
</conditions>
</line>
<line branch="false" hits="0" number="98"/>
<line branch="false" hits="0" number="99"/>
<line branch="false" hits="0" number="100"/>
<line branch="false" hits="0" number="101"/>
<line branch="false" hits="0" number="102"/>
<line branch="false" hits="0" number="104"/>
<line branch="false" hits="1" number="109"/>
<line branch="false" hits="1" number="111"/>
<line branch="false" hits="1" number="112"/>
<line branch="false" hits="1" number="113"/>
<line branch="false" hits="1" number="114"/>
<line branch="false" hits="1" number="115"/>
<line branch="false" hits="1" number="116"/>
<line branch="false" hits="1" number="118"/>
<line branch="false" hits="1" number="120"/>
<line branch="false" hits="2" number="121"/>
<line branch="true" condition-coverage="50% (2/4)" hits="26" number="122">
<conditions>
<condition coverage="50%" number="0" type="jump"/>
</conditions>
</line>
<line branch="false" hits="12" number="123"/>
<line branch="false" hits="12" number="124"/>
<line branch="true" condition-coverage="75% (3/4)" hits="26" number="125">
<conditions>
<condition coverage="75%" number="0" type="jump"/>
</conditions>
</line>
<line branch="false" hits="1" number="126"/>
<line branch="false" hits="1" number="127"/>
<line branch="false" hits="1" number="128"/>
<line branch="false" hits="1" number="130"/>
<line branch="true" condition-coverage="50% (1/2)" hits="1" number="131">
<conditions>
<condition coverage="50%" number="0" type="jump"/>
</conditions>
</line>
<line branch="false" hits="1" number="133"/>
<line branch="false" hits="1" number="134"/>
<line branch="false" hits="1" number="135"/>
<line branch="false" hits="1" number="136"/>
<line branch="false" hits="1" number="138"/>
<line branch="false" hits="1" number="145"/>
<line branch="false" hits="1" number="146"/>
<line branch="false" hits="0" number="149"/>
<line branch="false" hits="0" number="150"/>
<line branch="false" hits="0" number="151"/>
<line branch="false" hits="0" number="154"/>
<line branch="false" hits="0" number="155"/>
<line branch="false" hits="0" number="156"/>
<line branch="false" hits="0" number="157"/>
<line branch="false" hits="0" number="160"/>
<line branch="false" hits="0" number="161"/>
<line branch="false" hits="0" number="162"/>
<line branch="false" hits="0" number="163"/>
<line branch="false" hits="0" number="166"/>
<line branch="false" hits="0" number="167"/>
<line branch="false" hits="0" number="168"/>
<line branch="false" hits="1" number="172"/>
<line branch="false" hits="1" number="173"/>
<line branch="true" condition-coverage="50% (1/2)" hits="1" number="175">
<conditions>
<condition coverage="50%" number="0" type="jump"/>
</conditions>
</line>
<line branch="false" hits="1" number="176"/>
<line branch="false" hits="1" number="177"/>
<line branch="false" hits="0" number="178"/>
<line branch="false" hits="1" number="180"/>
<line branch="false" hits="0" number="183"/>
<line branch="false" hits="0" number="185"/>
<line branch="false" hits="0" number="188"/>
<line branch="false" hits="0" number="189"/>
<line branch="false" hits="0" number="190"/>
<line branch="false" hits="16" number="195"/>
<line branch="false" hits="16" number="196"/>
<line branch="false" hits="16" number="199"/>
<line branch="false" hits="16" number="200"/>
<line branch="false" hits="10" number="204"/>
<line branch="false" hits="10" number="206"/>
<line branch="false" hits="10" number="207"/>
<line branch="false" hits="10" number="208"/>
<line branch="true" condition-coverage="50% (1/2)" hits="10" number="209">
<conditions>
<condition coverage="50%" number="0" type="jump"/>
</conditions>
</line>
<line branch="false" hits="10" number="210"/>
<line branch="false" hits="10" number="212"/>
<line branch="false" hits="10" number="214"/>
<line branch="false" hits="12" number="217"/>
<line branch="false" hits="12" number="218"/>
<line branch="true" condition-coverage="0% (0/2)" hits="0" number="223">
<conditions>
<condition coverage="0%" number="0" type="jump"/>
</conditions>
</line>
<line branch="true" condition-coverage="0% (0/2)" hits="0" number="224">
<conditions>
<condition coverage="0%" number="0" type="jump"/>
</conditions>
</line>
<line branch="false" hits="0" number="225"/>
<line branch="false" hits="0" number="227"/>
<line branch="false" hits="0" number="228"/>
<line branch="false" hits="0" number="229"/>
<line branch="false" hits="0" number="230"/>
<line branch="true" condition-coverage="0% (0/2)" hits="0" number="232">
<conditions>
<condition coverage="0%" number="0" type="jump"/>
</conditions>
</line>
<line branch="true" condition-coverage="0% (0/2)" hits="0" number="233">
<conditions>
<condition coverage="0%" number="0" type="jump"/>
</conditions>
</line>
<line branch="true" condition-coverage="0% (0/2)" hits="0" number="234">
<conditions>
<condition coverage="0%" number="0" type="jump"/>
</conditions>
</line>
<line branch="false" hits="0" number="235"/>
<line branch="false" hits="0" number="236"/>
<line branch="false" hits="0" number="237"/>
<line branch="false" hits="0" number="238"/>
<line branch="true" condition-coverage="0% (0/2)" hits="0" number="239">
<conditions>
<condition coverage="0%" number="0" type="jump"/>
</conditions>
</line>
<line branch="false" hits="0" number="240"/>
<line branch="false" hits="0" number="242"/>
<line branch="true" condition-coverage="0% (0/2)" hits="0" number="246">
<conditions>
<condition coverage="0%" number="0" type="jump"/>
</conditions>
</line>
<line branch="false" hits="0" number="248"/>
<line branch="false" hits="0" number="250"/>
<line branch="false" hits="0" number="251"/>
<line branch="false" hits="0" number="252"/>
<line branch="false" hits="0" number="253"/>
<line branch="false" hits="0" number="256"/>
<line branch="false" hits="0" number="258"/>
<line branch="true" condition-coverage="0% (0/2)" hits="0" number="262">
<conditions>
<condition coverage="0%" number="0" type="jump"/>
</conditions>
</line>
<line branch="false" hits="0" number="263"/>
<line branch="false" hits="0" number="264"/>
<line branch="false" hits="0" number="265"/>
<line branch="false" hits="0" number="266"/>
<line branch="true" condition-coverage="0% (0/2)" hits="0" number="268">
<conditions>
<condition coverage="0%" number="0" type="jump"/>
</conditions>
</line>
<line branch="false" hits="0" number="269"/>
<line branch="false" hits="0" number="270"/>
<line branch="false" hits="0" number="271"/>
<line branch="false" hits="0" number="273"/>
<line branch="false" hits="0" number="274"/>
<line branch="false" hits="10" number="281"/>
<line branch="false" hits="10" number="283"/>
<line branch="false" hits="10" number="284"/>
<line branch="false" hits="10" number="285"/>
<line branch="false" hits="10" number="287"/>
<line branch="false" hits="10" number="290"/>
<line branch="false" hits="10" number="291"/>
<line branch="false" hits="10" number="292"/>
<line branch="false" hits="10" number="293"/>
<line branch="false" hits="10" number="294"/>
<line branch="false" hits="10" number="295"/>
<line branch="false" hits="10" number="297"/>
<line branch="true" condition-coverage="0% (0/2)" hits="0" number="300">
<conditions>
<condition coverage="0%" number="0" type="jump"/>
</conditions>
</line>
<line branch="true" condition-coverage="0% (0/2)" hits="0" number="302">
<conditions>
<condition coverage="0%" number="0" type="jump"/>
</conditions>
</line>
<line branch="false" hits="0" number="304"/>
<line branch="false" hits="0" number="305"/>
<line branch="false" hits="0" number="306"/>
<line branch="false" hits="0" number="308"/>
<line branch="false" hits="0" number="309"/>
</lines>
</class>
<class branch-rate="0.0" complexity="0.0" filename="IntelliGuide/PresentPhotoViewController.h" line-rate="0.0" name="PresentPhotoViewController_h">
<methods/>
<lines>
<line branch="false" hits="0" number="26"/>
<line branch="false" hits="0" number="31"/>
</lines>
</class>
<class branch-rate="0.0" complexity="0.0" filename="IntelliGuide/PresentPhotoViewController.m" line-rate="0.0" name="PresentPhotoViewController_m">
<methods/>
<lines>
<line branch="false" hits="0" number="13"/>
<line branch="false" hits="0" number="17"/>
<line branch="false" hits="0" number="19"/>
<line branch="false" hits="0" number="20"/>
<line branch="false" hits="0" number="23"/>
<line branch="false" hits="0" number="24"/>
<line branch="true" condition-coverage="0% (0/2)" hits="0" number="27">
<conditions>
<condition coverage="0%" number="0" type="jump"/>
</conditions>
</line>
<line branch="false" hits="0" number="30"/>
<line branch="false" hits="0" number="31"/>
<line branch="false" hits="0" number="32"/>
<line branch="true" condition-coverage="0% (0/2)" hits="0" number="34">
<conditions>
<condition coverage="0%" number="0" type="jump"/>
</conditions>
</line>
<line branch="false" hits="0" number="35"/>
<line branch="false" hits="0" number="36"/>
<line branch="false" hits="0" number="38"/>
<line branch="true" condition-coverage="0% (0/3)" hits="0" number="39">
<conditions>
<condition coverage="0%" number="0" type="jump"/>
</conditions>
</line>
<line branch="false" hits="0" number="42"/>
<line branch="false" hits="0" number="46"/>
<line branch="false" hits="0" number="48"/>
<line branch="false" hits="0" number="49"/>
<line branch="false" hits="0" number="51"/>
<line branch="false" hits="0" number="52"/>
<line branch="false" hits="0" number="55"/>
<line branch="false" hits="0" number="56"/>
<line branch="false" hits="0" number="58"/>
<line branch="false" hits="0" number="59"/>
<line branch="false" hits="0" number="60"/>
<line branch="false" hits="0" number="64"/>
<line branch="false" hits="0" number="66"/>
<line branch="false" hits="0" number="69"/>
<line branch="false" hits="0" number="71"/>
</lines>
</class>
<class branch-rate="0.0" complexity="0.0" filename="IntelliGuide/ReviewCell.h" line-rate="0.0" name="ReviewCell_h">
<methods/>
<lines>
<line branch="false" hits="0" number="20"/>
</lines>
</class>
<class branch-rate="0.0" complexity="0.0" filename="IntelliGuide/ReviewCell.m" line-rate="0.818181818182" name="ReviewCell_m">
<methods/>
<lines>
<line branch="false" hits="1" number="32"/>
<line branch="false" hits="1" number="33"/>
<line branch="false" hits="1" number="14"/>
<line branch="false" hits="1" number="15"/>
<line branch="false" hits="1" number="16"/>
<line branch="false" hits="1" number="20"/>
<line branch="false" hits="0" number="24"/>
<line branch="false" hits="0" number="25"/>
<line branch="false" hits="1" number="28"/>
<line branch="false" hits="1" number="29"/>
<line branch="false" hits="1" number="30"/>
</lines>
</class>
<class branch-rate="0.0" complexity="0.0" filename="IntelliGuide/SettingsViewController.m" line-rate="0.0" name="SettingsViewController_m">
<methods/>
<lines>
<line branch="false" hits="0" number="15"/>
<line branch="false" hits="0" number="16"/>
<line branch="false" hits="0" number="18"/>
<line branch="false" hits="0" number="22"/>
<line branch="false" hits="0" number="25"/>
<line branch="false" hits="0" number="28"/>
<line branch="false" hits="0" number="30"/>
<line branch="true" condition-coverage="0% (0/2)" hits="0" number="31">
<conditions>
<condition coverage="0%" number="0" type="jump"/>
</conditions>
</line>
<line branch="false" hits="0" number="33"/>
<line branch="false" hits="0" number="34"/>
<line branch="false" hits="0" number="35"/>
<line branch="false" hits="0" number="36"/>
<line branch="false" hits="0" number="37"/>
<line branch="false" hits="0" number="40"/>
<line branch="false" hits="0" number="41"/>
<line branch="false" hits="0" number="42"/>
<line branch="false" hits="0" number="50"/>
<line branch="false" hits="0" number="52"/>
<line branch="true" condition-coverage="0% (0/2)" hits="0" number="55">
<conditions>
<condition coverage="0%" number="0" type="jump"/>
</conditions>
</line>
<line branch="false" hits="0" number="56"/>
<line branch="false" hits="0" number="58"/>
<line branch="false" hits="0" number="60"/>
<line branch="false" hits="0" number="63"/>
<line branch="true" condition-coverage="0% (0/2)" hits="0" number="65">
<conditions>
<condition coverage="0%" number="0" type="jump"/>
</conditions>
</line>
<line branch="true" condition-coverage="0% (0/2)" hits="0" number="66">
<conditions>
<condition coverage="0%" number="0" type="jump"/>
</conditions>
</line>
<line branch="true" condition-coverage="0% (0/2)" hits="0" number="67">
<conditions>
<condition coverage="0%" number="0" type="jump"/>
</conditions>
</line>
<line branch="false" hits="0" number="68"/>
<line branch="false" hits="0" number="69"/>
<line branch="false" hits="0" number="70"/>
<line branch="false" hits="0" number="72"/>
<line branch="false" hits="0" number="73"/>
<line branch="false" hits="0" number="75"/>
<line branch="false" hits="0" number="76"/>
<line branch="true" condition-coverage="0% (0/2)" hits="0" number="79">
<conditions>
<condition coverage="0%" number="0" type="jump"/>
</conditions>
</line>
<line branch="true" condition-coverage="0% (0/2)" hits="0" number="80">
<conditions>
<condition coverage="0%" number="0" type="jump"/>
</conditions>
</line>
<line branch="true" condition-coverage="0% (0/2)" hits="0" number="81">
<conditions>
<condition coverage="0%" number="0" type="jump"/>
</conditions>
</line>
<line branch="false" hits="0" number="82"/>
<line branch="false" hits="0" number="83"/>
<line branch="false" hits="0" number="84"/>
<line branch="false" hits="0" number="85"/>
<line branch="false" hits="0" number="86"/>
<line branch="false" hits="0" number="87"/>
<line branch="false" hits="0" number="88"/>
<line branch="false" hits="0" number="89"/>
<line branch="false" hits="0" number="91"/>
<line branch="false" hits="0" number="92"/>
<line branch="false" hits="0" number="94"/>
<line branch="false" hits="0" number="95"/>
<line branch="false" hits="0" number="98"/>
<line branch="false" hits="0" number="99"/>
</lines>
</class>
<class branch-rate="0.0" complexity="0.0" filename="IntelliGuide/main.m" line-rate="1.0" name="main_m">
<methods/>
<lines>
<line branch="false" hits="1" number="16"/>
<line branch="false" hits="1" number="13"/>
<line branch="false" hits="1" number="14"/>
<line branch="false" hits="1" number="15"/>
</lines>
</class>
</classes>
</package>
</packages>
</coverage>

